{"target": -2.2779653072357178, "params": {"batch_size": 85953.78587583861, "dropout_rate": 0.3, "last_units": 512.0, "learning_rate": 0.005034723077581479, "lr_decay": 0.0005533639256992689, "n_layers": 4.99, "norm": 0.9148435531287274, "units_decay": 1.0}}
{"target": -2.23474383354187, "params": {"batch_size": 55113.2445575972, "dropout_rate": 0.007175543634549526, "last_units": 464.89957392182845, "learning_rate": 0.0044957491450377165, "lr_decay": 0.0004732406763702929, "n_layers": 4.835617219146579, "norm": 0.17019326087452616, "units_decay": 0.6680013955074962}}
{"target": -2.31467866897583, "params": {"batch_size": 55485.809717015305, "dropout_rate": 0.13265004645372683, "last_units": 506.4591945100859, "learning_rate": 0.006402512390948568, "lr_decay": 0.00014963484437111667, "n_layers": 4.551842918257898, "norm": 0.054983021757007755, "units_decay": 0.679470040785239}}
{"target": -2.3949131965637207, "params": {"batch_size": 77297.1024778832, "dropout_rate": 0.11989290105974902, "last_units": 502.2155010381704, "learning_rate": 0.00532993935745492, "lr_decay": 0.0003865291754363378, "n_layers": 4.816574210010313, "norm": 0.3802536076108479, "units_decay": 0.37189773367671486}}
{"target": -2.391336441040039, "params": {"batch_size": 76504.34762437487, "dropout_rate": 0.12496677647809211, "last_units": 426.43515733454063, "learning_rate": 0.006357784380691667, "lr_decay": 0.0006247875219925627, "n_layers": 4.660060824205241, "norm": 0.19777368765947972, "units_decay": 0.3435096839302883}}
{"target": -2.2574827671051025, "params": {"batch_size": 49832.68756028483, "dropout_rate": 0.013075384180478324, "last_units": 429.6378371751037, "learning_rate": 0.007215922151395062, "lr_decay": 0.0007999706215683976, "n_layers": 4.264346298972186, "norm": 0.5545859747795494, "units_decay": 0.7133087503781322}}
{"target": -2.345179557800293, "params": {"batch_size": 50214.41432402563, "dropout_rate": 0.08890990367351526, "last_units": 504.06024512159337, "learning_rate": 0.004684363494065877, "lr_decay": 0.00028777634192230796, "n_layers": 4.271842064241449, "norm": 0.2883316403105073, "units_decay": 0.36873020779754256}}
{"target": -2.252654790878296, "params": {"batch_size": 44238.55724992472, "dropout_rate": 0.013397853912685585, "last_units": 409.72714402908855, "learning_rate": 0.0027321358585422734, "lr_decay": 0.0005164271511355087, "n_layers": 4.299766670051909, "norm": 0.4491044781108717, "units_decay": 0.620125074504607}}
{"target": -2.2856225967407227, "params": {"batch_size": 55108.13949551944, "dropout_rate": 0.10797153242212992, "last_units": 466.91918895651344, "learning_rate": 0.004513559171901051, "lr_decay": 0.0006195487028243804, "n_layers": 4.813293775606035, "norm": 0.27401854616254046, "units_decay": 0.8931637341656161}}
{"target": -2.3195981979370117, "params": {"batch_size": 55103.650561367125, "dropout_rate": 0.10429846073723754, "last_units": 469.67080201392525, "learning_rate": 0.004961383648196503, "lr_decay": 0.00020997191492679043, "n_layers": 4.789665664342298, "norm": 0.36909167898005385, "units_decay": 0.7186275165134393}}
{"target": -2.2556228637695312, "params": {"batch_size": 70256.87799765714, "dropout_rate": 0.0030291442279458927, "last_units": 418.46739789221203, "learning_rate": 0.002928583151032299, "lr_decay": 0.0005868596266660115, "n_layers": 4.399070559083056, "norm": 0.10844699137004633, "units_decay": 0.9010931072875209}}
{"target": -2.260845184326172, "params": {"batch_size": 70253.93739077385, "dropout_rate": 0.04601951079391505, "last_units": 420.3044467206333, "learning_rate": 0.006412121504560161, "lr_decay": 0.0006588099817157124, "n_layers": 4.447758537864202, "norm": 0.4342390722317412, "units_decay": 0.5273923919977968}}
{"target": -2.241363763809204, "params": {"batch_size": 53294.16485651913, "dropout_rate": 0.0013555385618848718, "last_units": 430.9713670099457, "learning_rate": 0.0031394046140576287, "lr_decay": 0.0007122348815866745, "n_layers": 4.581741443676832, "norm": 0.13761458796201145, "units_decay": 0.4718142383988392}}
{"target": -2.2528226375579834, "params": {"batch_size": 52797.70556730214, "dropout_rate": 0.04745971950812248, "last_units": 493.7227596351678, "learning_rate": 0.0019530749286812098, "lr_decay": 0.0006780710750873486, "n_layers": 4.981671505018502, "norm": 0.42902284448425193, "units_decay": 0.8900524071614255}}
{"target": -2.2655041217803955, "params": {"batch_size": 48320.22467607539, "dropout_rate": 0.09353677960066606, "last_units": 424.59735395848526, "learning_rate": 0.006972058279088221, "lr_decay": 0.0005936410642018172, "n_layers": 4.394106040886367, "norm": 0.34141705308563863, "units_decay": 0.8437203262232598}}
{"target": -2.265934944152832, "params": {"batch_size": 47791.78097284468, "dropout_rate": 0.04349727618095708, "last_units": 465.4964941307031, "learning_rate": 0.005362543937953758, "lr_decay": 0.0006362401808611497, "n_layers": 4.8301535214291516, "norm": 0.06081192079244684, "units_decay": 0.4481970014551103}}
{"target": -2.2547192573547363, "params": {"batch_size": 47268.15859000957, "dropout_rate": 0.02704277408656613, "last_units": 429.2728716295018, "learning_rate": 0.005224662367190805, "lr_decay": 0.0003798964704894541, "n_layers": 4.902941010612344, "norm": 0.07811341122934357, "units_decay": 0.4599590687668991}}
{"target": -2.2866318225860596, "params": {"batch_size": 50922.91278010589, "dropout_rate": 0.07799781453900895, "last_units": 431.60849734075015, "learning_rate": 0.00664199214727499, "lr_decay": 0.0006755851305705321, "n_layers": 4.755634001736063, "norm": 0.41338556543532645, "units_decay": 0.7527295992433176}}
{"target": -2.3078691959381104, "params": {"batch_size": 66718.92355039378, "dropout_rate": 0.07000936119943824, "last_units": 436.78699750702873, "learning_rate": 0.0024872523831298153, "lr_decay": 0.00047071143093345555, "n_layers": 4.561388546150794, "norm": 0.25041966344259703, "units_decay": 0.7268034543121238}}
{"target": -2.2528271675109863, "params": {"batch_size": 86442.93298106824, "dropout_rate": 0.0825769457866942, "last_units": 398.3646182720329, "learning_rate": 0.0014461029920955271, "lr_decay": 0.0009431979258033348, "n_layers": 3.3850335326150263, "norm": 0.27549375065754333, "units_decay": 0.9017169370045006}}
{"target": -2.261383295059204, "params": {"batch_size": 82395.84882078727, "dropout_rate": 0.03585559574160861, "last_units": 429.217139035469, "learning_rate": 0.006220289825705796, "lr_decay": 0.0006563270815435986, "n_layers": 4.05878444512634, "norm": 0.10388263077970332, "units_decay": 0.45303020694793317}}
{"target": -2.3190457820892334, "params": {"batch_size": 81923.62534970678, "dropout_rate": 0.1028898062967261, "last_units": 481.60995518965365, "learning_rate": 0.004388472999017418, "lr_decay": 0.0007039393081871052, "n_layers": 4.853304564635143, "norm": 0.4924904831601296, "units_decay": 0.7421271328394811}}
{"target": -2.305908441543579, "params": {"batch_size": 84272.1961175745, "dropout_rate": 0.06913084034190552, "last_units": 421.9321721612359, "learning_rate": 0.005496439250832247, "lr_decay": 0.00030143869599033845, "n_layers": 4.0710157671357745, "norm": 0.21855443000725194, "units_decay": 0.959290667058542}}
{"target": -2.296917676925659, "params": {"batch_size": 66187.06600270195, "dropout_rate": 0.08656380600721462, "last_units": 407.5602144186908, "learning_rate": 0.007760688298681008, "lr_decay": 0.0004518924063921348, "n_layers": 4.613328949944747, "norm": 0.170609865391042, "units_decay": 0.9297993264441502}}
{"target": -2.3289496898651123, "params": {"batch_size": 65675.95420606885, "dropout_rate": 0.12073598087908609, "last_units": 456.5487285506963, "learning_rate": 0.002434939866269249, "lr_decay": 6.69056198228422e-05, "n_layers": 4.969853012119123, "norm": 0.5604367746889278, "units_decay": 0.8150612093051273}}
{"target": -2.2583885192871094, "params": {"batch_size": 67253.05781565649, "dropout_rate": 0.04329818182932389, "last_units": 417.4132062812698, "learning_rate": 0.005579911349721757, "lr_decay": 0.0006589271617209898, "n_layers": 4.963356548780306, "norm": 0.0800252527437856, "units_decay": 0.7406887297052482}}
{"target": -2.3145864009857178, "params": {"batch_size": 67713.09480069292, "dropout_rate": 0.08607513311844103, "last_units": 501.3495870907564, "learning_rate": 0.001117862458821143, "lr_decay": 0.000796036423169595, "n_layers": 4.4525966559186285, "norm": 0.15852972374109284, "units_decay": 0.6647999516772705}}
{"target": -2.3203213214874268, "params": {"batch_size": 68265.7122573124, "dropout_rate": 0.09686258821686536, "last_units": 483.4100772905274, "learning_rate": 0.007369459788007317, "lr_decay": 0.00012001899707723529, "n_layers": 4.50365669878435, "norm": 0.42361102751879565, "units_decay": 0.51980938651379}}
{"target": -2.314892053604126, "params": {"batch_size": 78953.71573565684, "dropout_rate": 0.09572253054292532, "last_units": 451.8432420040243, "learning_rate": 0.0008767593010243381, "lr_decay": 0.00016779198192926086, "n_layers": 4.327923666700845, "norm": 0.458754165672496, "units_decay": 0.7799716996213455}}
{"target": -2.316546678543091, "params": {"batch_size": 34497.34598910193, "dropout_rate": 0.11677604719456895, "last_units": 492.60325461896457, "learning_rate": 0.009044608021156135, "lr_decay": 0.00011797766006705868, "n_layers": 3.2129805452202334, "norm": 0.23738654617982513, "units_decay": 0.5644631672922777}}
{"target": -2.3739476203918457, "params": {"batch_size": 55286.75330909181, "dropout_rate": 0.12168401588021399, "last_units": 367.49029403685995, "learning_rate": 0.007988833797625996, "lr_decay": 0.00034957853663930154, "n_layers": 4.669740109398081, "norm": 0.12124667172943543, "units_decay": 0.5909583485378396}}
{"target": -2.2720108032226562, "params": {"batch_size": 54488.253488176895, "dropout_rate": 0.10158627875987315, "last_units": 481.6932202258598, "learning_rate": 0.005951001080648296, "lr_decay": 0.00024337806447615238, "n_layers": 4.191581268830954, "norm": 0.47415489377175996, "units_decay": 0.8475328031498596}}
{"target": -2.2808899879455566, "params": {"batch_size": 70526.3771602997, "dropout_rate": 0.050227797183173474, "last_units": 503.9273393090261, "learning_rate": 0.0038602769712250155, "lr_decay": 0.0007849874554960174, "n_layers": 4.692343940580692, "norm": 0.0074226828616236525, "units_decay": 0.4470370979468353}}
{"target": -2.2563693523406982, "params": {"batch_size": 53588.027103308945, "dropout_rate": 0.028294972846798747, "last_units": 507.0252591373244, "learning_rate": 0.006284111473096125, "lr_decay": 0.0005214920129698851, "n_layers": 4.7612326256446496, "norm": 0.14933898193028794, "units_decay": 0.7981564832591996}}
{"target": -2.262439489364624, "params": {"batch_size": 52478.460453779364, "dropout_rate": 0.033739449309582774, "last_units": 507.1111483240446, "learning_rate": 0.005909372794958023, "lr_decay": 0.0007202001832987714, "n_layers": 4.905760655254065, "norm": 0.11774949714431089, "units_decay": 0.7964060544678393}}
{"target": -2.3101818561553955, "params": {"batch_size": 48639.270572512054, "dropout_rate": 0.07662852118025609, "last_units": 511.9947143356128, "learning_rate": 0.0049496343188225895, "lr_decay": 0.0004676335321596565, "n_layers": 4.878066432444893, "norm": 0.35365532762516577, "units_decay": 0.5481954562838128}}
{"target": -2.245377540588379, "params": {"batch_size": 46948.33482470227, "dropout_rate": 0.010713125360805785, "last_units": 501.59430050320697, "learning_rate": 0.004143083534258423, "lr_decay": 0.0005216922460618101, "n_layers": 4.630576394735782, "norm": 0.2701710004809584, "units_decay": 0.7841739411354762}}
{"target": -2.7038652896881104, "params": {"batch_size": 40893.61062846506, "dropout_rate": 0.26666117719267635, "last_units": 297.82100343277585, "learning_rate": 0.008895007555782446, "lr_decay": 7.378105709878591e-05, "n_layers": 4.983753807155435, "norm": 0.37091053798338425, "units_decay": 0.7078403135991687}, "datetime": {"datetime": "2020-08-09 18:19:16", "elapsed": 0.0, "delta": 0.0}}
{"target": -2.2704617977142334, "params": {"batch_size": 55247.44302351607, "dropout_rate": 0.11427466248270779, "last_units": 502.59662477694644, "learning_rate": 0.004769078486714034, "lr_decay": 0.0001038014854250274, "n_layers": 4.52873356731354, "norm": 0.45370360062241133, "units_decay": 0.9925673221160023}, "datetime": {"datetime": "2020-08-09 18:36:09", "elapsed": 1012.594513, "delta": 1012.594513}}
{"target": -2.3548331260681152, "params": {"batch_size": 34482.01341854782, "dropout_rate": 0.1092142356003531, "last_units": 387.46608984499187, "learning_rate": 0.003055101979037979, "lr_decay": 0.0006964553165380115, "n_layers": 4.332098480862711, "norm": 0.020310637963874768, "units_decay": 0.3732157677192324}, "datetime": {"datetime": "2020-08-09 18:42:20", "elapsed": 1383.251703, "delta": 370.65719}}
{"target": -2.2505311965942383, "params": {"batch_size": 34642.27022346702, "dropout_rate": 0.004968422882556537, "last_units": 491.5467796100757, "learning_rate": 0.007272739776449964, "lr_decay": 0.0005915746638444853, "n_layers": 4.879311310196154, "norm": 0.013335034299739106, "units_decay": 0.4567569815572637}, "datetime": {"datetime": "2020-08-09 18:53:11", "elapsed": 2034.497306, "delta": 651.245603}}
{"target": -2.286677360534668, "params": {"batch_size": 41095.802359099805, "dropout_rate": 0.09373446545113401, "last_units": 410.7829189065493, "learning_rate": 0.004601952699517902, "lr_decay": 0.000607569498736695, "n_layers": 4.281068478291558, "norm": 0.37315836047721956, "units_decay": 0.6879845210348616}, "datetime": {"datetime": "2020-08-09 19:03:07", "elapsed": 2630.099928, "delta": 595.602622}}
{"target": -2.26568865776062, "params": {"batch_size": 53061.664550357265, "dropout_rate": 0.04954868837899846, "last_units": 460.3992346457805, "learning_rate": 0.006082701886949098, "lr_decay": 0.00033227574595797, "n_layers": 4.784181915379465, "norm": 0.029561103215244994, "units_decay": 0.82806228651001}, "datetime": {"datetime": "2020-08-09 19:14:38", "elapsed": 3321.488186, "delta": 691.388258}}
{"target": -2.2834887504577637, "params": {"batch_size": 47524.37323819025, "dropout_rate": 0.07460251804981502, "last_units": 464.21436572314354, "learning_rate": 0.003537956828146939, "lr_decay": 0.0006620212898456892, "n_layers": 4.528430371885785, "norm": 0.1772860929044345, "units_decay": 0.6827182016142856}, "datetime": {"datetime": "2020-08-09 19:24:39", "elapsed": 3922.165951, "delta": 600.677765}}
{"target": -2.269543409347534, "params": {"batch_size": 48057.746900371385, "dropout_rate": 0.043550113731166205, "last_units": 439.60595563810244, "learning_rate": 0.00512235880577926, "lr_decay": 0.0005112481232522936, "n_layers": 4.948026805316064, "norm": 0.008714798390015637, "units_decay": 0.6444235994827567}, "datetime": {"datetime": "2020-08-09 19:34:07", "elapsed": 4490.182506, "delta": 568.016555}}
{"target": -2.2748141288757324, "params": {"batch_size": 45317.24837799028, "dropout_rate": 0.04883272133351395, "last_units": 501.3641726476732, "learning_rate": 0.004659360744467844, "lr_decay": 0.0005391226066335669, "n_layers": 4.712922383112568, "norm": 0.04678312501821333, "units_decay": 0.6818294279409547}, "datetime": {"datetime": "2020-08-09 19:41:19", "elapsed": 4922.856007, "delta": 432.673501}}
{"target": -2.254835367202759, "params": {"batch_size": 45645.038022952125, "dropout_rate": 0.0020389391118069895, "last_units": 509.21758229975626, "learning_rate": 0.006299297532118211, "lr_decay": 0.0006493667776021711, "n_layers": 4.637545959235231, "norm": 0.2876802132809665, "units_decay": 0.6768592147296639}, "datetime": {"datetime": "2020-08-09 19:51:19", "elapsed": 5522.782132, "delta": 599.926125}}
{"target": -2.240135908126831, "params": {"batch_size": 44033.22148396149, "dropout_rate": 0.008730453578444921, "last_units": 511.11798596338303, "learning_rate": 0.004798622743221441, "lr_decay": 0.0005393780026171091, "n_layers": 4.854023346507915, "norm": 0.30151719931306153, "units_decay": 0.6009468782087989}, "datetime": {"datetime": "2020-08-09 20:01:15", "elapsed": 6118.365644, "delta": 595.583512}}
{"target": -2.2534399032592773, "params": {"batch_size": 54086.70838260431, "dropout_rate": 0.022183916763061515, "last_units": 510.55855914125016, "learning_rate": 0.005864341706276375, "lr_decay": 0.0005133795078254555, "n_layers": 4.656181959389793, "norm": 0.0848436574606011, "units_decay": 0.6159544145315827}, "datetime": {"datetime": "2020-08-09 20:13:50", "elapsed": 6873.086496, "delta": 754.720852}}
{"target": -2.257230281829834, "params": {"batch_size": 49628.43322026205, "dropout_rate": 0.040184665105520205, "last_units": 508.36275830102585, "learning_rate": 0.005936555429876694, "lr_decay": 0.0003270832895485542, "n_layers": 4.99, "norm": 0.030479304581673, "units_decay": 0.5520661719237407}, "datetime": {"datetime": "2020-08-09 20:20:51", "elapsed": 7294.444617, "delta": 421.358121}}
{"target": -2.2705252170562744, "params": {"batch_size": 51202.219472129, "dropout_rate": 0.03860447488010298, "last_units": 426.75054096976277, "learning_rate": 0.003920388048645888, "lr_decay": 0.00039185881772366713, "n_layers": 4.944185363733639, "norm": 0.1456340496584021, "units_decay": 0.6917266959183239}, "datetime": {"datetime": "2020-08-09 20:25:40", "elapsed": 7583.625821, "delta": 289.181204}}
{"target": -2.2598040103912354, "params": {"batch_size": 51460.233037912905, "dropout_rate": 0.03800346563436864, "last_units": 496.3841876059448, "learning_rate": 0.0039790452770351896, "lr_decay": 0.0005785431731375179, "n_layers": 4.724524387199597, "norm": 0.16035650212704428, "units_decay": 0.5938431231397672}, "datetime": {"datetime": "2020-08-09 20:32:51", "elapsed": 8015.026291, "delta": 431.40047}}
{"target": -2.2440218925476074, "params": {"batch_size": 50644.61469608223, "dropout_rate": 0.022718144915188913, "last_units": 492.2766636552476, "learning_rate": 0.004331864800790907, "lr_decay": 0.00042882972638840335, "n_layers": 4.890313325793181, "norm": 0.16934683458135297, "units_decay": 0.6950803033853504}, "datetime": {"datetime": "2020-08-09 20:42:42", "elapsed": 8605.323296, "delta": 590.297005}}
{"target": -2.245360851287842, "params": {"batch_size": 49166.21742607084, "dropout_rate": 0.0036295454813302353, "last_units": 493.50863667559435, "learning_rate": 0.005398776335743529, "lr_decay": 0.00045040172592826825, "n_layers": 4.940560394450459, "norm": 0.15881528107984078, "units_decay": 0.7156858186950164}, "datetime": {"datetime": "2020-08-09 20:54:00", "elapsed": 9283.868521, "delta": 678.545225}}
{"target": -2.2440671920776367, "params": {"batch_size": 55789.48646152653, "dropout_rate": 0.008851400276174154, "last_units": 486.9490307039658, "learning_rate": 0.0048717936956535045, "lr_decay": 0.0005619141123744012, "n_layers": 4.958499884023238, "norm": 0.17230226736826892, "units_decay": 0.6157454841650166}, "datetime": {"datetime": "2020-08-09 21:03:21", "elapsed": 9844.990651, "delta": 561.12213}}
{"target": -2.2480475902557373, "params": {"batch_size": 56031.31511847211, "dropout_rate": 0.013372580771649465, "last_units": 450.5651911799302, "learning_rate": 0.003765161710413394, "lr_decay": 0.0004875759711499044, "n_layers": 4.736593541257739, "norm": 0.21017663161023767, "units_decay": 0.6391299887930252}, "datetime": {"datetime": "2020-08-09 21:11:29", "elapsed": 10333.033306, "delta": 488.042655}}
{"target": -2.2395529747009277, "params": {"batch_size": 56280.483781615745, "dropout_rate": 0.0013066075005792248, "last_units": 486.0266122425395, "learning_rate": 0.003902568136054528, "lr_decay": 0.00046973369957155765, "n_layers": 4.804882058519953, "norm": 0.2073386817592725, "units_decay": 0.6745693422384149}, "datetime": {"datetime": "2020-08-09 21:23:03", "elapsed": 11026.122641, "delta": 693.089335}}
{"target": -2.2554636001586914, "params": {"batch_size": 56525.33241440774, "dropout_rate": 0.0015249385238987891, "last_units": 446.5586879957646, "learning_rate": 0.004738933992961228, "lr_decay": 0.0005211489254351237, "n_layers": 4.827954111999068, "norm": 0.11205008824997087, "units_decay": 0.7003790774454794}, "datetime": {"datetime": "2020-08-09 21:31:18", "elapsed": 11521.201718, "delta": 495.079077}}
{"target": -2.2414309978485107, "params": {"batch_size": 56781.766592920096, "dropout_rate": 0.004548716619100751, "last_units": 479.65267719912606, "learning_rate": 0.0042526846114334885, "lr_decay": 0.0004301018593644968, "n_layers": 4.866710357776777, "norm": 0.17693121003824838, "units_decay": 0.6688113347494273}, "datetime": {"datetime": "2020-08-09 21:41:36", "elapsed": 12139.467363, "delta": 618.265645}}
{"target": -2.2437639236450195, "params": {"batch_size": 57028.066638251665, "dropout_rate": 0.02030918930528613, "last_units": 471.5116155750265, "learning_rate": 0.004330394276598564, "lr_decay": 0.00048691065461072165, "n_layers": 4.797782843344855, "norm": 0.224463625701383, "units_decay": 0.7040651471781841}, "datetime": {"datetime": "2020-08-09 21:53:39", "elapsed": 12862.198108, "delta": 722.730745}}
{"target": -2.24889874458313, "params": {"batch_size": 57280.96913490264, "dropout_rate": 0.019340458574981605, "last_units": 477.2895243909421, "learning_rate": 0.0043153614886517165, "lr_decay": 0.00047036075851677463, "n_layers": 4.763761570987275, "norm": 0.20662574385563173, "units_decay": 0.6581035620024218}, "datetime": {"datetime": "2020-08-09 22:02:07", "elapsed": 13370.063751, "delta": 507.865643}}
{"target": -2.2543487548828125, "params": {"batch_size": 57537.72447505812, "dropout_rate": 0.017225933229651734, "last_units": 453.9937327352581, "learning_rate": 0.004871965318805844, "lr_decay": 0.0005126539269228815, "n_layers": 4.773678896810387, "norm": 0.20612546407446414, "units_decay": 0.6666447928132099}, "datetime": {"datetime": "2020-08-09 22:09:57", "elapsed": 13840.840286, "delta": 470.776535}}
