{"target": -2.302182912826538, "params": {"batch_size": 100000.0, "dropout_rate": 0.1, "last_units": 128.0, "learning_rate": 0.001, "lr_decay": 0.0, "n_layers": 4.0, "norm": 1.0, "units_decay": 1.0}}
{"target": -2.270049571990967, "params": {"batch_size": 85736.00768161437, "dropout_rate": 0.06459084754244197, "last_units": 215.31424822209752, "learning_rate": 0.0031564054163509066, "lr_decay": 0.00045596650726610887, "n_layers": 3.5540399607269606, "norm": 0.47206804479852194, "units_decay": 0.6693834305920554}}
{"target": -2.280794858932495, "params": {"batch_size": 40858.522991766135, "dropout_rate": 0.16251364855115066, "last_units": 382.87291666984606, "learning_rate": 0.007986067058516759, "lr_decay": 0.0008627649291823811, "n_layers": 4.622768412474855, "norm": 0.7847072595037853, "units_decay": 0.6804392400826977}}
{"target": -2.3078420162200928, "params": {"batch_size": 82835.43861421062, "dropout_rate": 0.07972548872778348, "last_units": 203.6405274136807, "learning_rate": 0.0021535584875858704, "lr_decay": 8.471616041842867e-05, "n_layers": 4.936291745764933, "norm": 0.9699622305631526, "units_decay": 0.7011230255901497}}
{"target": -2.330263137817383, "params": {"batch_size": 43860.29335788599, "dropout_rate": 0.26842691076926806, "last_units": 391.53202802408794, "learning_rate": 0.005532127547390702, "lr_decay": 0.0006065975649093577, "n_layers": 4.416018360152962, "norm": 0.716596543413477, "units_decay": 0.6285339821665881}}
{"target": -2.290149211883545, "params": {"batch_size": 35297.48589799699, "dropout_rate": 0.07352533257267249, "last_units": 135.10169960598472, "learning_rate": 0.005310102373031962, "lr_decay": 0.0007181681469472106, "n_layers": 3.281083989187998, "norm": 0.3818025989508076, "units_decay": 0.5556593654835181}}
{"target": -2.316444158554077, "params": {"batch_size": 54745.8778112766, "dropout_rate": 0.27862846411394493, "last_units": 304.5286337307173, "learning_rate": 0.002875936260688288, "lr_decay": 0.0008218410660868308, "n_layers": 3.5030014846300137, "norm": 0.5555247237966922, "units_decay": 0.6722162253698245}}
{"target": -2.410532236099243, "params": {"batch_size": 88150.59771940189, "dropout_rate": 0.19708907985610238, "last_units": 397.3220823707791, "learning_rate": 0.0057379464642540404, "lr_decay": 0.0006434682125693363, "n_layers": 3.3029310657577104, "norm": 0.18677912207050407, "units_decay": 0.2967661316390217}}
{"target": -2.3345210552215576, "params": {"batch_size": 95567.92080288075, "dropout_rate": 0.16555037282393462, "last_units": 333.9474962513523, "learning_rate": 0.008784608380791857, "lr_decay": 0.0009473937754070364, "n_layers": 3.1214085111475653, "norm": 0.7111906754932796, "units_decay": 0.7188409389324761}}
{"target": -2.3820273876190186, "params": {"batch_size": 83345.37942983065, "dropout_rate": 0.2889147065750736, "last_units": 233.44693966498184, "learning_rate": 0.004658429298400115, "lr_decay": 0.0003999606028714301, "n_layers": 4.218449081961408, "norm": 0.9308300746763966, "units_decay": 0.5893403308694587}}
{"target": -2.405736207962036, "params": {"batch_size": 36679.20263147182, "dropout_rate": 0.09476407944849453, "last_units": 147.546150353812, "learning_rate": 0.00588051651621298, "lr_decay": 0.0005414049334659173, "n_layers": 3.3362995334606045, "norm": 0.7987407655363873, "units_decay": 0.5587200869465835}}
{"target": -2.2691030502319336, "params": {"batch_size": 38304.64670819255, "dropout_rate": 0.20316185837276907, "last_units": 330.34130121613606, "learning_rate": 0.0094203285431444, "lr_decay": 0.000659200169753326, "n_layers": 3.9300293224727905, "norm": 0.6984006017004882, "units_decay": 0.5675778897081468}}
{"target": -2.316657543182373, "params": {"batch_size": 79425.81620265587, "dropout_rate": 0.07271594531644661, "last_units": 157.80936940353868, "learning_rate": 0.006401598097731242, "lr_decay": 0.0002976189488622103, "n_layers": 4.028497225704722, "norm": 0.6130001213290099, "units_decay": 0.4195245406973258}}
{"target": -2.3237428665161133, "params": {"batch_size": 85330.69194410779, "dropout_rate": 0.0531538182696004, "last_units": 106.90685298467352, "learning_rate": 0.0001542361397481069, "lr_decay": 0.0007739318785031222, "n_layers": 4.592231616753776, "norm": 0.506077826871702, "units_decay": 0.40148355876739833}}
{"target": -2.3304665088653564, "params": {"batch_size": 88105.58631221124, "dropout_rate": 0.21705464521060513, "last_units": 264.61686508567243, "learning_rate": 0.00019512790051572142, "lr_decay": 0.0005561976058104816, "n_layers": 3.410602799750536, "norm": 0.48136621273868274, "units_decay": 0.3942615542215693}}
{"target": -2.293062210083008, "params": {"batch_size": 70757.86388940485, "dropout_rate": 0.2434209257676817, "last_units": 325.2854872857305, "learning_rate": 0.00771277537146296, "lr_decay": 0.0002795045710681431, "n_layers": 4.824387418633089, "norm": 0.5903330125472989, "units_decay": 0.7711212562576824}}
{"target": -2.327802896499634, "params": {"batch_size": 48953.015522754904, "dropout_rate": 0.2587429563202635, "last_units": 271.9741106205157, "learning_rate": 0.009817146900565009, "lr_decay": 0.0007142529848577362, "n_layers": 3.541416710616039, "norm": 0.5524101655009084, "units_decay": 0.4380917133230799}}
{"target": -2.3001158237457275, "params": {"batch_size": 32000.0, "dropout_rate": 0.2559639014228888, "last_units": 385.7901322819754, "learning_rate": 0.007973659342201836, "lr_decay": 0.0007575886598178657, "n_layers": 4.299211303736705, "norm": 0.837091516090089, "units_decay": 0.6905897572739604}}
{"target": -2.378730297088623, "params": {"batch_size": 46557.09320853715, "dropout_rate": 0.18608372038365575, "last_units": 382.8998121648636, "learning_rate": 0.00977562777982269, "lr_decay": 0.0006175445170363194, "n_layers": 4.1075153584279995, "norm": 0.5666797185858863, "units_decay": 0.5385101829508776}}
{"target": -2.289679765701294, "params": {"batch_size": 33610.73662789336, "dropout_rate": 0.15550801452003604, "last_units": 380.38387125305604, "learning_rate": 0.01, "lr_decay": 0.0005267467964265946, "n_layers": 4.116504264033516, "norm": 0.8235691519371029, "units_decay": 0.5444689649252463}}
{"target": -2.3162667751312256, "params": {"batch_size": 38304.73674702373, "dropout_rate": 0.21582890842615188, "last_units": 375.73576138575993, "learning_rate": 0.009468330324595245, "lr_decay": 0.0006273829873839544, "n_layers": 3.6161646184566023, "norm": 0.6327000968355343, "units_decay": 0.6448746767334114}}
{"target": -2.3782155513763428, "params": {"batch_size": 39570.870295769455, "dropout_rate": 0.19154274462891865, "last_units": 286.32692982356434, "learning_rate": 0.00882889879601559, "lr_decay": 0.0005397798223700871, "n_layers": 3.8967038043691167, "norm": 0.5961360622992302, "units_decay": 0.5561293840396045}}
{"target": -2.492900848388672, "params": {"batch_size": 42265.637358584114, "dropout_rate": 0.21068436536982144, "last_units": 288.8355529225197, "learning_rate": 0.0094829020996782, "lr_decay": 0.0006480269055660036, "n_layers": 4.091159115838633, "norm": 0.606416589937153, "units_decay": 0.6102199424132679}}
{"target": -2.3154337406158447, "params": {"batch_size": 45126.481651220936, "dropout_rate": 0.16434750471819393, "last_units": 289.581315155002, "learning_rate": 0.008840001714312273, "lr_decay": 0.0006976419070403159, "n_layers": 4.201412003064765, "norm": 0.8003511681716499, "units_decay": 0.6196903101035839}}
{"target": -2.285367965698242, "params": {"batch_size": 34561.74608827836, "dropout_rate": 0.1731297062003029, "last_units": 367.74543626000366, "learning_rate": 0.008951141558318582, "lr_decay": 0.0005652825774482633, "n_layers": 3.7602862940676145, "norm": 0.609116336467734, "units_decay": 0.5860609874486398}}
{"target": -2.3837196826934814, "params": {"batch_size": 34564.34478650013, "dropout_rate": 0.23811784225143462, "last_units": 363.7912339420111, "learning_rate": 0.009214761630838963, "lr_decay": 0.000752988145601704, "n_layers": 4.09601484785385, "norm": 0.734703318059116, "units_decay": 0.589165168198057}}
{"target": -2.376610279083252, "params": {"batch_size": 34342.777898956156, "dropout_rate": 0.23266397124469476, "last_units": 360.3855029066059, "learning_rate": 0.00869746248401715, "lr_decay": 0.0006085810660583136, "n_layers": 4.0954200078921525, "norm": 0.7127030211634815, "units_decay": 0.59572046995424}}
{"target": -2.34860897064209, "params": {"batch_size": 37976.66797640217, "dropout_rate": 0.23048225477197315, "last_units": 298.53436016874156, "learning_rate": 0.009437128110736423, "lr_decay": 0.0007128781317592926, "n_layers": 3.775673295148455, "norm": 0.7144139283260598, "units_decay": 0.5704306578525702}}
{"target": -2.278139591217041, "params": {"batch_size": 38639.5786688448, "dropout_rate": 0.17525574478841446, "last_units": 307.11160945703864, "learning_rate": 0.009932481821037682, "lr_decay": 0.0005850911659218091, "n_layers": 4.108227076525561, "norm": 0.6754013358489417, "units_decay": 0.5466515379095295}}
{"target": -3.3245604038238525, "params": {"batch_size": 62794.7398543702, "dropout_rate": 0.07557695662160453, "last_units": 82.68583813762827, "learning_rate": 0.007544011172042845, "lr_decay": 0.0006890996411979115, "n_layers": 4.065630458833407, "norm": 0.9316631743967211, "units_decay": 0.5424559932437696}}
{"target": -2.968576431274414, "params": {"batch_size": 62252.63433140345, "dropout_rate": 0.2148491976564501, "last_units": 392.6794032382402, "learning_rate": 0.006833544088101374, "lr_decay": 0.0004093893790457632, "n_layers": 4.762413365137196, "norm": 0.669396863308262, "units_decay": 0.22339649756279564}}
{"target": -2.6117117404937744, "params": {"batch_size": 38946.75633575367, "dropout_rate": 0.27861383210062607, "last_units": 231.68609128276609, "learning_rate": 0.008315906586824962, "lr_decay": 0.0005948075686955007, "n_layers": 4.698775001448917, "norm": 0.4166922871459705, "units_decay": 0.8755964440389453}}
{"target": -2.3406665325164795, "params": {"batch_size": 40859.34090634518, "dropout_rate": 0.1539200637480092, "last_units": 386.83239973765103, "learning_rate": 0.006098393835540897, "lr_decay": 0.0004296791975862237, "n_layers": 4.09186368988224, "norm": 0.3544671861326122, "units_decay": 0.6704235092562125}}
{"target": -2.2714858055114746, "params": {"batch_size": 40687.93657507278, "dropout_rate": 0.14097142047814998, "last_units": 227.34465442686252, "learning_rate": 0.008777211949266384, "lr_decay": 0.0002828757566296386, "n_layers": 3.1713915961919454, "norm": 0.8999607298122735, "units_decay": 0.8021852673430039}}
{"target": -2.3649961948394775, "params": {"batch_size": 41026.22039250395, "dropout_rate": 0.1685384112751847, "last_units": 222.82377021583991, "learning_rate": 0.006667795033064536, "lr_decay": 0.0006262417710833775, "n_layers": 3.578374925699718, "norm": 0.43475821679174964, "units_decay": 0.48817045415099947}}
{"target": -2.331021308898926, "params": {"batch_size": 33284.943287173424, "dropout_rate": 0.15998002414774665, "last_units": 338.64368460644505, "learning_rate": 0.007555418378205532, "lr_decay": 0.00047193884699256493, "n_layers": 3.6918079778708837, "norm": 0.49607424193253935, "units_decay": 0.38020769281484545}}
{"target": -2.300065279006958, "params": {"batch_size": 35559.09499728937, "dropout_rate": 0.13991907147128924, "last_units": 335.011763875268, "learning_rate": 0.006702805593444375, "lr_decay": 0.0009593895807872941, "n_layers": 3.707215959365274, "norm": 0.7358861910743919, "units_decay": 0.31366086004420596}}
{"target": -2.4174067974090576, "params": {"batch_size": 35114.5836112326, "dropout_rate": 0.25984570128538154, "last_units": 396.53689497767544, "learning_rate": 0.007337764199243286, "lr_decay": 0.0006966195725019772, "n_layers": 4.413873772146244, "norm": 0.9991113657552442, "units_decay": 0.33305867659481436}}
{"target": -2.360848903656006, "params": {"batch_size": 33899.22673197404, "dropout_rate": 0.1217805969058637, "last_units": 238.1406703764015, "learning_rate": 0.007983645780003289, "lr_decay": 0.0006541057784418478, "n_layers": 4.137501412959399, "norm": 0.4195003052663065, "units_decay": 0.4166960993993102}}
{"target": -2.359619379043579, "params": {"batch_size": 32329.730937998407, "dropout_rate": 0.153989460384657, "last_units": 327.6104773132564, "learning_rate": 0.008449003828055067, "lr_decay": 0.0005419485045032651, "n_layers": 4.3423763496807455, "norm": 0.972132532197953, "units_decay": 0.36939460760522347}}
{"target": -2.2999744415283203, "params": {"batch_size": 35885.9941045104, "dropout_rate": 0.13306682985695256, "last_units": 256.70634120802606, "learning_rate": 0.007235038084934053, "lr_decay": 0.000497848373980611, "n_layers": 3.8058975655894685, "norm": 0.7536448226095285, "units_decay": 0.6639409336660924}}
{"target": -2.2778656482696533, "params": {"batch_size": 36205.48712704671, "dropout_rate": 0.15463040209729859, "last_units": 372.24681275869307, "learning_rate": 0.00928951422582271, "lr_decay": 0.0008084877311474966, "n_layers": 3.4627862911223315, "norm": 0.7875283736191243, "units_decay": 0.7383368630919279}}
{"target": -2.3059349060058594, "params": {"batch_size": 40370.60196480223, "dropout_rate": 0.2536657057780931, "last_units": 389.9179365048832, "learning_rate": 0.007608473379373872, "lr_decay": 0.0007934932344561376, "n_layers": 3.4891989362936773, "norm": 0.5786847438728367, "units_decay": 0.6066974022703978}}
{"target": -2.430873155593872, "params": {"batch_size": 40037.43391243424, "dropout_rate": 0.2359891886708706, "last_units": 310.1744536817058, "learning_rate": 0.00876557975112985, "lr_decay": 0.000828732093287052, "n_layers": 4.065772161000162, "norm": 0.8005854826471728, "units_decay": 0.685840321674857}}
{"target": -2.367089033126831, "params": {"batch_size": 51850.9734167236, "dropout_rate": 0.24847041752538218, "last_units": 399.0546349212925, "learning_rate": 0.008637054219797899, "lr_decay": 0.0007297927704346566, "n_layers": 4.050925512164994, "norm": 0.5704945936950991, "units_decay": 0.4685518783194716}}
{"target": -2.3057053089141846, "params": {"batch_size": 83761.15740853696, "dropout_rate": 0.11251426550706811, "last_units": 290.45553191280396, "learning_rate": 0.0034681531660095016, "lr_decay": 0.0007543301168469666, "n_layers": 3.544550512688582, "norm": 0.3869959261363539, "units_decay": 0.7799085218267414}}
{"target": -2.3193917274475098, "params": {"batch_size": 54489.101899126465, "dropout_rate": 0.020764373636475097, "last_units": 105.16410006655325, "learning_rate": 0.005306058510879596, "lr_decay": 0.0005910185865606503, "n_layers": 4.844064112293081, "norm": 0.5824474871708069, "units_decay": 0.7287744629744752}}
{"target": -2.4188637733459473, "params": {"batch_size": 89366.8182160563, "dropout_rate": 0.16084674922444792, "last_units": 188.25436330622023, "learning_rate": 0.0010857883500000538, "lr_decay": 0.0004417146022420664, "n_layers": 3.6987992275274904, "norm": 0.8907654803863944, "units_decay": 0.2763331844081087}}
{"target": -2.388871192932129, "params": {"batch_size": 99781.3927436173, "dropout_rate": 0.2309080550884469, "last_units": 376.8825690170582, "learning_rate": 0.007531397756749727, "lr_decay": 0.0002504898277958152, "n_layers": 3.996384281171314, "norm": 0.8754697413917538, "units_decay": 0.34870677090618357}}
{"target": -2.645815134048462, "params": {"batch_size": 43802.54008627662, "dropout_rate": 0.25450266490805795, "last_units": 272.2140093794806, "learning_rate": 0.008274719086273691, "lr_decay": 0.0004901840502327461, "n_layers": 4.583329178873945, "norm": 0.36230067963677226, "units_decay": 0.8889893832647908}}
{"target": -3.400503396987915, "params": {"batch_size": 54690.457985189554, "dropout_rate": 0.2701059498684156, "last_units": 71.35441662377576, "learning_rate": 0.008557766408124513, "lr_decay": 0.0007329869891294771, "n_layers": 3.2312999361403696, "norm": 0.10891818913829443, "units_decay": 0.29468695746323936}}
{"target": -2.3914883136749268, "params": {"batch_size": 80058.27166895929, "dropout_rate": 0.25334710456205345, "last_units": 174.75616136306343, "learning_rate": 0.009404893055584321, "lr_decay": 0.0002970550537595561, "n_layers": 3.668965183438064, "norm": 0.5138775292508969, "units_decay": 0.9379047397883564}}
{"target": -2.3125736713409424, "params": {"batch_size": 49120.4036019669, "dropout_rate": 0.07988661824526262, "last_units": 180.74071469865297, "learning_rate": 0.008362310267858587, "lr_decay": 0.00020933828001454225, "n_layers": 4.282134107260684, "norm": 0.24780854245464612, "units_decay": 0.4290604847263443}}
{"target": -2.5390079021453857, "params": {"batch_size": 83118.00728469175, "dropout_rate": 0.2622118311622377, "last_units": 141.28250207194986, "learning_rate": 0.00016511119413791474, "lr_decay": 0.0006745228538080113, "n_layers": 4.542613495127004, "norm": 0.13317012084269042, "units_decay": 0.6195671808472285}}
{"target": -2.304141044616699, "params": {"batch_size": 39177.30223386198, "dropout_rate": 0.046468421984578075, "last_units": 183.33498021496564, "learning_rate": 0.002570878204348095, "lr_decay": 0.00011637940817448144, "n_layers": 4.384172925338979, "norm": 0.6150968554504737, "units_decay": 0.26865852519608585}}
{"target": -2.267824172973633, "params": {"batch_size": 85591.2917147397, "dropout_rate": 0.0411542662910969, "last_units": 357.7933854584032, "learning_rate": 0.004204372380957569, "lr_decay": 0.0004961071077806249, "n_layers": 3.8936056631727176, "norm": 0.15680344127039203, "units_decay": 0.5703230083249387}}
{"target": -2.2527925968170166, "params": {"batch_size": 38748.68476858996, "dropout_rate": 0.006652414829271047, "last_units": 385.75692596768556, "learning_rate": 0.003970676715053402, "lr_decay": 0.0007450742526347446, "n_layers": 3.178974332320303, "norm": 0.47233930666973456, "units_decay": 0.7695145712979101}}
{"target": -2.2485592365264893, "params": {"batch_size": 44237.89675678523, "dropout_rate": 0.03882578354772222, "last_units": 399.75723831576863, "learning_rate": 0.004482865505139925, "lr_decay": 0.0005322524635127236, "n_layers": 3.470651084409157, "norm": 0.31076886595788955, "units_decay": 0.8586685445315848}}
{"target": -2.2704010009765625, "params": {"batch_size": 54211.31704984284, "dropout_rate": 0.04936919873750713, "last_units": 294.9061517534146, "learning_rate": 0.006934330221767126, "lr_decay": 0.00052890975483257, "n_layers": 3.437348153883899, "norm": 0.3085972130548902, "units_decay": 0.6356681742404655}}
{"target": -2.300017833709717, "params": {"batch_size": 44594.11190294755, "dropout_rate": 0.08011671531189535, "last_units": 377.6342321796095, "learning_rate": 0.00435545297466502, "lr_decay": 0.0005654529198409967, "n_layers": 3.258197215690052, "norm": 0.5829298816811599, "units_decay": 0.6679540767106574}}
{"target": -2.2928671836853027, "params": {"batch_size": 53848.75496721384, "dropout_rate": 0.10737495353444103, "last_units": 350.3168469043827, "learning_rate": 0.001350188550845867, "lr_decay": 0.0003921632217024903, "n_layers": 3.0800968927635353, "norm": 0.297526483664751, "units_decay": 0.6056522318490422}}
{"target": -2.2409822940826416, "params": {"batch_size": 40862.93257836538, "dropout_rate": 0.006199768321027428, "last_units": 383.394227969677, "learning_rate": 0.0021180320856162152, "lr_decay": 0.0004215935607133393, "n_layers": 3.2162869939641285, "norm": 0.47368523637089593, "units_decay": 0.601388578976628}}
{"target": -2.291527509689331, "params": {"batch_size": 49426.5933856456, "dropout_rate": 0.09135887457184544, "last_units": 394.2112786380417, "learning_rate": 0.0005189870386207261, "lr_decay": 0.000681425907165452, "n_layers": 3.1072665866049203, "norm": 0.5369073096875775, "units_decay": 0.8161933810096205}}
{"target": -2.246795654296875, "params": {"batch_size": 45494.16721343751, "dropout_rate": 0.006740701865651038, "last_units": 347.02317759698235, "learning_rate": 0.0031536865509623323, "lr_decay": 0.000474725020643657, "n_layers": 3.9995677208315845, "norm": 0.2550274173614265, "units_decay": 0.6232774583078791}}
{"target": -2.2844624519348145, "params": {"batch_size": 45826.69728246679, "dropout_rate": 0.062056664301554654, "last_units": 381.38814689842707, "learning_rate": 0.0032849365135690267, "lr_decay": 0.0006441658276999337, "n_layers": 4.065149092021089, "norm": 0.28258390064025196, "units_decay": 0.7723462374992922}}
{"target": -2.285954475402832, "params": {"batch_size": 92712.49254470412, "dropout_rate": 0.18194614821918112, "last_units": 498.8059937128386, "learning_rate": 0.009419219394117245, "lr_decay": 0.00013326918635791552, "n_layers": 5.888380014410374, "norm": 0.5348521256493457, "units_decay": 0.952941572244701}}
{"target": -2.236867666244507, "params": {"batch_size": 35562.58077270072, "dropout_rate": 0.03886749741531493, "last_units": 412.09166091661774, "learning_rate": 0.0008328878301659469, "lr_decay": 0.0008353663771625196, "n_layers": 3.9195883812426078, "norm": 0.48859742321362054, "units_decay": 0.6903777932957786}}
{"target": -2.3642241954803467, "params": {"batch_size": 52090.43163615715, "dropout_rate": 0.19512631974919994, "last_units": 372.5034113593508, "learning_rate": 0.006741879063776681, "lr_decay": 0.0003128554344328146, "n_layers": 3.1373111399675193, "norm": 0.8369881143687237, "units_decay": 0.3551880300541701}}
{"target": -2.2732207775115967, "params": {"batch_size": 76902.06609416333, "dropout_rate": 0.12152020671952903, "last_units": 465.76248990526796, "learning_rate": 0.0078353137294788, "lr_decay": 0.0009628370670195811, "n_layers": 3.687612495843999, "norm": 0.5172754652372022, "units_decay": 0.9276152553838086}}
{"target": -2.3619115352630615, "params": {"batch_size": 70902.42477429131, "dropout_rate": 0.1644783898232279, "last_units": 485.799483704052, "learning_rate": 0.005036687725316324, "lr_decay": 0.0007593720303148921, "n_layers": 4.033856582654212, "norm": 0.12456258442537849, "units_decay": 0.42286721322812143}}
