{"target": -2.2341058254241943, "params": {"batch_size": 57798.87249946412, "dropout_rate": 0.006265521155540071, "last_units": 467.9103920676094, "learning_rate": 0.004513522114904016, "lr_decay": 0.00047784007756409907, "n_layers": 4.85420651019103, "norm": 0.18130266913128562, "units_decay": 0.69908813500555}, "datetime": {"datetime": "2020-08-09 22:31:41", "elapsed": 15144.338833, "delta": 1303.498547}}
{"target": -2.246891498565674, "params": {"batch_size": 58045.18002839495, "dropout_rate": 0.0012081808476301673, "last_units": 457.72081169937906, "learning_rate": 0.004690886885459943, "lr_decay": 0.00043922870195685143, "n_layers": 4.863874221968001, "norm": 0.17764691404957506, "units_decay": 0.6784579626896221}, "datetime": {"datetime": "2020-08-09 22:39:38", "elapsed": 15621.517134, "delta": 477.178301}}
{"target": -2.2493948936462402, "params": {"batch_size": 58304.26249285023, "dropout_rate": 0.0074878904660094295, "last_units": 473.57869200685093, "learning_rate": 0.004552528403772046, "lr_decay": 0.0005034396593620668, "n_layers": 4.905374961609548, "norm": 0.15679417680098662, "units_decay": 0.7142503064426041}, "datetime": {"datetime": "2020-08-09 22:48:21", "elapsed": 16144.19258, "delta": 522.675446}}
{"target": -2.245922327041626, "params": {"batch_size": 58564.950069231076, "dropout_rate": 0.0049669154580786416, "last_units": 461.85634366298376, "learning_rate": 0.004429096088634993, "lr_decay": 0.0004701903234194785, "n_layers": 4.895791053364297, "norm": 0.15806406045736987, "units_decay": 0.7102473873104556}, "datetime": {"datetime": "2020-08-09 22:59:06", "elapsed": 16789.51526, "delta": 645.32268}}
{"target": -2.2461416721343994, "params": {"batch_size": 58822.31350763293, "dropout_rate": 0.009825325445084557, "last_units": 473.02294757039454, "learning_rate": 0.004295829563492875, "lr_decay": 0.0004977416700281429, "n_layers": 4.882771911080723, "norm": 0.17584906990902344, "units_decay": 0.7115717827978876}, "datetime": {"datetime": "2020-08-09 23:09:37", "elapsed": 17420.335868, "delta": 630.820608}}
{"target": -2.247990846633911, "params": {"batch_size": 59080.570927640285, "dropout_rate": 0.0011097925455580623, "last_units": 461.62253180625726, "learning_rate": 0.004642417416181256, "lr_decay": 0.00048188899518539306, "n_layers": 4.815671629109552, "norm": 0.18946303503511613, "units_decay": 0.6933718891346397}, "datetime": {"datetime": "2020-08-09 23:20:00", "elapsed": 18043.591178, "delta": 623.25531}}
{"target": -2.242607831954956, "params": {"batch_size": 59322.40377926688, "dropout_rate": 0.0038186503908602515, "last_units": 475.0404863018496, "learning_rate": 0.0045205826853432, "lr_decay": 0.0004730702162879851, "n_layers": 4.899189292918933, "norm": 0.1761410170212906, "units_decay": 0.6809323166655696}, "datetime": {"datetime": "2020-08-09 23:32:10", "elapsed": 18773.46202, "delta": 729.870842}}
{"target": -2.2444379329681396, "params": {"batch_size": 57666.35254734974, "dropout_rate": 0.007552382986967222, "last_units": 474.29842866608755, "learning_rate": 0.004545153315430843, "lr_decay": 0.00046581031872774357, "n_layers": 4.83476162332761, "norm": 0.17202409220801002, "units_decay": 0.6927917997945301}, "datetime": {"datetime": "2020-08-09 23:42:54", "elapsed": 19417.76688, "delta": 644.30486}}
{"target": -2.242408275604248, "params": {"batch_size": 58434.44430250079, "dropout_rate": 0.0006384660846228095, "last_units": 462.00596103223506, "learning_rate": 0.004315246418739759, "lr_decay": 0.0004578134230022964, "n_layers": 4.816956267814054, "norm": 0.20023830336924492, "units_decay": 0.6840533018382123}, "datetime": {"datetime": "2020-08-09 23:57:02", "elapsed": 20265.89765, "delta": 848.13077}}
{"target": -2.2439639568328857, "params": {"batch_size": 56652.220634939236, "dropout_rate": 0.005223351822877912, "last_units": 472.778488252843, "learning_rate": 0.004343970661767983, "lr_decay": 0.00048138231892538163, "n_layers": 4.872195193444865, "norm": 0.19287793384904178, "units_decay": 0.6891452192652717}, "datetime": {"datetime": "2020-08-10 00:07:37", "elapsed": 20900.94145, "delta": 635.0438}}
{"target": -2.2525553703308105, "params": {"batch_size": 57154.715322604265, "dropout_rate": 0.0016057568513134866, "last_units": 463.02093272721595, "learning_rate": 0.004677714218897637, "lr_decay": 0.00046125600492147024, "n_layers": 4.885053435903405, "norm": 0.16562207041883154, "units_decay": 0.6893985950364189}, "datetime": {"datetime": "2020-08-10 00:16:32", "elapsed": 21435.61468, "delta": 534.67323}}
{"target": -2.2382688522338867, "params": {"batch_size": 57923.471876897805, "dropout_rate": 0.002398373320869254, "last_units": 472.20145450498035, "learning_rate": 0.004379105481075691, "lr_decay": 0.0004721120353797168, "n_layers": 4.82814951519859, "norm": 0.17239272521584323, "units_decay": 0.6988827100252271}, "datetime": {"datetime": "2020-08-10 00:31:31", "elapsed": 22334.290965, "delta": 898.676285}}
{"target": -2.2438292503356934, "params": {"batch_size": 56936.75999347307, "dropout_rate": 0.005617845549432768, "last_units": 464.14733718482216, "learning_rate": 0.0045124212180963465, "lr_decay": 0.0004710941609196058, "n_layers": 4.846143649110425, "norm": 0.18734583908124078, "units_decay": 0.7047279109238088}, "datetime": {"datetime": "2020-08-10 00:47:25", "elapsed": 23288.658111, "delta": 954.367146}}
