{"target": -0.14079321920871735, "params": {"batch_size": 32.0, "dropout_rate": 0.2, "last_units": 256.0, "learning_rate": 0.001, "lr_decay": 0.0, "n_layers": 3.0, "norm": 0.0, "steps": 14.0, "units_decay": 0.5}, "datetime": {"datetime": "2020-08-08 19:44:35", "elapsed": 0.0, "delta": 0.0}}
{"target": -0.14187900722026825, "params": {"batch_size": 32.0, "dropout_rate": 0.2, "last_units": 400.0, "learning_rate": 0.001, "lr_decay": 0.0, "n_layers": 3.0, "norm": 0.0, "steps": 42.0, "units_decay": 0.35}, "datetime": {"datetime": "2020-08-08 19:55:29", "elapsed": 654.010608, "delta": 654.010608}}
{"target": -0.144876167178154, "params": {"batch_size": 35.29702956029402, "dropout_rate": 0.2535609467156515, "last_units": 308.2949277375126, "learning_rate": 0.00465486101956758, "lr_decay": 0.00037578274065267836, "n_layers": 4.452248472672536, "norm": 0.07247241525861303, "steps": 49.140308437065364, "units_decay": 0.7224810799158667}, "datetime": {"datetime": "2020-08-08 20:12:09", "elapsed": 1653.656487, "delta": 999.645879}}
{"target": -0.14321020245552063, "params": {"batch_size": 52.69760803496749, "dropout_rate": 0.029552344937513873, "last_units": 192.42360982307073, "learning_rate": 0.003202302876330735, "lr_decay": 0.0008934475714907275, "n_layers": 3.5145583884998617, "norm": 0.554557937573623, "steps": 23.482326462341675, "units_decay": 0.5516218778131201}, "datetime": {"datetime": "2020-08-08 20:21:36", "elapsed": 2220.778159, "delta": 567.121672}}
{"target": -0.15157055854797363, "params": {"batch_size": 35.52044679329639, "dropout_rate": 0.07309014940737858, "last_units": 433.7764090449071, "learning_rate": 0.006361194328248748, "lr_decay": 0.0003341462619267632, "n_layers": 5.169541405118341, "norm": 0.15624911780339912, "steps": 16.21623550003602, "units_decay": 0.9692471157927203}, "datetime": {"datetime": "2020-08-08 20:25:04", "elapsed": 2428.589149, "delta": 207.81099}}
{"target": -0.1514880359172821, "params": {"batch_size": 90.8675145869503, "dropout_rate": 0.02063796684159389, "last_units": 155.18660491910717, "learning_rate": 0.0056443855669623295, "lr_decay": 0.0003316140558680396, "n_layers": 5.575275373847468, "norm": 0.10687281382915748, "steps": 52.935078245454676, "units_decay": 0.8542491826432133}, "datetime": {"datetime": "2020-08-08 20:30:40", "elapsed": 2764.880657, "delta": 336.291508}}
{"target": -0.14164692163467407, "params": {"batch_size": 95.7164640203613, "dropout_rate": 0.08599110601703248, "last_units": 189.27462663881633, "learning_rate": 0.001080155030084995, "lr_decay": 0.0009463859827744096, "n_layers": 3.539304084092656, "norm": 0.2020464556396021, "steps": 50.01506754455368, "units_decay": 0.589642534566432}, "datetime": {"datetime": "2020-08-08 20:53:37", "elapsed": 4142.502487, "delta": 1377.62183}}
{"target": -0.14178326725959778, "params": {"batch_size": 33.43842227608896, "dropout_rate": 0.18540702184852417, "last_units": 257.33878416441917, "learning_rate": 0.003066113770188906, "lr_decay": 0.00025560654587039513, "n_layers": 3.0812690973181525, "norm": 0.17356816626869231, "steps": 14.858302021906661, "units_decay": 0.5160004504701251}, "datetime": {"datetime": "2020-08-08 21:00:30", "elapsed": 4554.656166, "delta": 412.153679}}
{"target": -0.1420000195503235, "params": {"batch_size": 32.08206556385832, "dropout_rate": 0.13868426713559784, "last_units": 233.15939093101844, "learning_rate": 0.0022789037839544605, "lr_decay": 0.00019001881200436825, "n_layers": 3.5429510368575867, "norm": 0.07338524410313005, "steps": 16.114507813942602, "units_decay": 0.3945928783931306}, "datetime": {"datetime": "2020-08-08 21:09:13", "elapsed": 5077.524743, "delta": 522.868577}}
{"target": -0.14235825836658478, "params": {"batch_size": 59.147164048348415, "dropout_rate": 0.28815198980753415, "last_units": 229.00756236667058, "learning_rate": 0.0001, "lr_decay": 0.0, "n_layers": 3.0, "norm": 0.0, "steps": 25.876884271152438, "units_decay": 0.2638223264610938}, "datetime": {"datetime": "2020-08-08 21:27:28", "elapsed": 6172.782402, "delta": 1095.257659}}
{"target": -0.14224502444267273, "params": {"batch_size": 32.150431831358894, "dropout_rate": 0.19791033549923184, "last_units": 165.6329710629316, "learning_rate": 0.003260547827740209, "lr_decay": 0.00023863342648043964, "n_layers": 3.3664828069495307, "norm": 0.047976565707969036, "steps": 15.817055320966602, "units_decay": 0.3586965435884234}, "datetime": {"datetime": "2020-08-08 21:40:21", "elapsed": 6945.752012, "delta": 772.96961}}
{"target": -0.1406002640724182, "params": {"batch_size": 55.4621848348566, "dropout_rate": 0.2705345544460412, "last_units": 341.9755235710742, "learning_rate": 0.00048795929489263537, "lr_decay": 0.00020914772139488078, "n_layers": 3.652779150358633, "norm": 0.015845915662865875, "steps": 14.879419406395385, "units_decay": 0.6473495368738207}, "datetime": {"datetime": "2020-08-08 21:46:41", "elapsed": 7325.659279, "delta": 379.907267}}
{"target": -0.14120247960090637, "params": {"batch_size": 48.971559078410145, "dropout_rate": 0.23631791932800292, "last_units": 364.04747883835796, "learning_rate": 0.0017407824362834607, "lr_decay": 0.0002444938259054484, "n_layers": 4.106372959681151, "norm": 0.19640673719181792, "steps": 23.991763833920086, "units_decay": 0.7780857532595693}, "datetime": {"datetime": "2020-08-08 21:59:35", "elapsed": 8099.684775, "delta": 774.025496}}
{"target": -0.14082318544387817, "params": {"batch_size": 58.60701936417138, "dropout_rate": 0.26310005930668484, "last_units": 343.35744744456775, "learning_rate": 0.000764818012239955, "lr_decay": 7.782364882005088e-05, "n_layers": 3.0, "norm": 0.20938439001784515, "steps": 39.95478852856307, "units_decay": 0.5221281988966832}, "datetime": {"datetime": "2020-08-08 22:42:22", "elapsed": 0.0, "delta": 0.0}}
{"target": -0.15170694887638092, "params": {"batch_size": 50.24393843846241, "dropout_rate": 0.2382279656634076, "last_units": 370.2265964051833, "learning_rate": 0.009209669563001077, "lr_decay": 0.0007985633075981083, "n_layers": 3.0, "norm": 0.03342468899407791, "steps": 52.74694855518096, "units_decay": 0.5180452229461556}, "datetime": {"datetime": "2020-08-08 22:53:45", "elapsed": 0.0, "delta": 0.0}}
{"target": -0.20378395915031433, "params": {"batch_size": 58.462562575051194, "dropout_rate": 0.0951682498386803, "last_units": 319.8678275469741, "learning_rate": 0.00814564353212463, "lr_decay": 0.00025688203050217473, "n_layers": 3.0089118370023313, "norm": 0.8469472705176303, "steps": 24.99601893931198, "units_decay": 0.5815112016633013}, "datetime": {"datetime": "2020-08-08 22:59:22", "elapsed": 0.0, "delta": 0.0}}
{"target": -0.14132876694202423, "params": {"batch_size": 51.0500949722371, "dropout_rate": 0.23282839296437874, "last_units": 393.25554853902315, "learning_rate": 0.0032520979285352147, "lr_decay": 2.3416037802765896e-05, "n_layers": 3.01, "norm": 0.21878193814172503, "steps": 19.30470861193892, "units_decay": 0.5677719021934445}, "datetime": {"datetime": "2020-08-08 23:06:36", "elapsed": 433.975781, "delta": 433.975781}}
{"target": -0.1414998471736908, "params": {"batch_size": 59.43388161662317, "dropout_rate": 0.15288874377501854, "last_units": 416.1836485398949, "learning_rate": 0.0032759464466869267, "lr_decay": 0.00038094022271187685, "n_layers": 3.01, "norm": 0.13883106641214388, "steps": 31.31093475327632, "units_decay": 0.5932476441738285}, "datetime": {"datetime": "2020-08-08 23:17:46", "elapsed": 1103.852409, "delta": 669.876628}}
{"target": -0.1412789672613144, "params": {"batch_size": 57.89114087163253, "dropout_rate": 0.18311645171275776, "last_units": 422.28421240107815, "learning_rate": 0.0024742235723167975, "lr_decay": 6.126471044567977e-06, "n_layers": 3.01, "norm": 0.21689676543852135, "steps": 14.069012147182077, "units_decay": 0.6647942679572801}, "datetime": {"datetime": "2020-08-08 23:22:16", "elapsed": 1374.202033, "delta": 270.349624}}
{"target": -0.1407625377178192, "params": {"batch_size": 59.13862945170761, "dropout_rate": 0.16433056863276066, "last_units": 375.78565445186695, "learning_rate": 0.0009480237308340246, "lr_decay": 5.807392117474423e-05, "n_layers": 3.01, "norm": 0.03435946656456769, "steps": 14.345856962389343, "units_decay": 0.6912409399590989}, "datetime": {"datetime": "2020-08-08 23:26:21", "elapsed": 1619.273903, "delta": 245.07187}}
{"target": -0.14076833426952362, "params": {"batch_size": 58.56764409983534, "dropout_rate": 0.17037963241694343, "last_units": 382.252616277546, "learning_rate": 0.0009172068889134971, "lr_decay": 0.00025459943973719186, "n_layers": 3.01, "norm": 0.05629678111858988, "steps": 29.402380245698545, "units_decay": 0.6109694058942873}, "datetime": {"datetime": "2020-08-08 23:34:24", "elapsed": 2102.197469, "delta": 482.923566}}
{"target": -0.14479640126228333, "params": {"batch_size": 62.71927637374576, "dropout_rate": 0.019670744339278977, "last_units": 441.71230283821484, "learning_rate": 0.006059967100304435, "lr_decay": 0.0004544770636400033, "n_layers": 3.858712151619884, "norm": 0.1712697520202231, "steps": 54.86512205729113, "units_decay": 0.5885089744570966}, "datetime": {"datetime": "2020-08-09 00:03:20", "elapsed": 0.0, "delta": 0.0}}
{"target": -0.14116090536117554, "params": {"batch_size": 41.395294076599434, "dropout_rate": 0.3, "last_units": 300.0, "learning_rate": 0.0001, "lr_decay": 0.0, "n_layers": 3.99, "norm": 0.0, "steps": 14.0, "units_decay": 0.5594670137175117}, "datetime": {"datetime": "2020-08-09 00:11:40", "elapsed": 499.747608, "delta": 499.747608}}
{"target": -0.14084984362125397, "params": {"batch_size": 42.09863861451229, "dropout_rate": 0.3, "last_units": 346.40409251176686, "learning_rate": 0.0001, "lr_decay": 0.0, "n_layers": 3.99, "norm": 0.0, "steps": 31.71273608173344, "units_decay": 0.7}, "datetime": {"datetime": "2020-08-09 00:29:55", "elapsed": 1594.641861, "delta": 1094.894253}}
{"target": -0.14113746583461761, "params": {"batch_size": 64.0, "dropout_rate": 0.1537977387154188, "last_units": 357.36431550386993, "learning_rate": 0.0001, "lr_decay": 0.0006032761373228248, "n_layers": 3.256718340768566, "norm": 0.0, "steps": 14.0, "units_decay": 0.5680355597252519}, "datetime": {"datetime": "2020-08-09 00:40:30", "elapsed": 2229.260968, "delta": 634.619107}}
{"target": -0.1413676142692566, "params": {"batch_size": 64.0, "dropout_rate": 0.15963457950194992, "last_units": 398.59337585966165, "learning_rate": 0.0001, "lr_decay": 0.0005835697165264275, "n_layers": 3.99, "norm": 0.0, "steps": 14.0, "units_decay": 0.5720012585826804}, "datetime": {"datetime": "2020-08-09 00:50:48", "elapsed": 2847.371108, "delta": 618.11014}}
{"target": -0.14117823541164398, "params": {"batch_size": 64.0, "dropout_rate": 0.3, "last_units": 300.0, "learning_rate": 0.0001, "lr_decay": 0.0005648486167698502, "n_layers": 3.99, "norm": 0.0, "steps": 14.0, "units_decay": 0.7}, "datetime": {"datetime": "2020-08-09 01:02:27", "elapsed": 3546.730035, "delta": 699.358927}}
{"target": -0.14102432131767273, "params": {"batch_size": 64.0, "dropout_rate": 0.3, "last_units": 363.11279472539036, "learning_rate": 0.0037682279038711406, "lr_decay": 0.0005470635720011017, "n_layers": 3.99, "norm": 0.34628310364609877, "steps": 28.766056538625946, "units_decay": 0.7}, "datetime": {"datetime": "2020-08-09 01:26:16", "elapsed": 4975.72687, "delta": 1428.996835}}
{"target": -0.14099843800067902, "params": {"batch_size": 45.121727512153996, "dropout_rate": 0.17545168842835096, "last_units": 353.09242726113655, "learning_rate": 0.0001, "lr_decay": 0.0, "n_layers": 3.3301851455674636, "norm": 0.3297612442469371, "steps": 14.0, "units_decay": 0.5827478067739542}, "datetime": {"datetime": "2020-08-09 01:33:24", "elapsed": 5403.636776, "delta": 427.909906}}
{"target": -0.14127877354621887, "params": {"batch_size": 45.63875037828913, "dropout_rate": 0.1802058317292355, "last_units": 378.61729322890517, "learning_rate": 0.0034484017144957363, "lr_decay": 0.0005141167765669951, "n_layers": 3.9592434549102435, "norm": 0.31406547781773353, "steps": 14.0, "units_decay": 0.5859778932789476}, "datetime": {"datetime": "2020-08-09 01:38:30", "elapsed": 5709.43875, "delta": 305.801974}}
{"target": -0.14084650576114655, "params": {"batch_size": 48.86519395841743, "dropout_rate": 0.3, "last_units": 300.0, "learning_rate": 0.0001, "lr_decay": 0.0, "n_layers": 3.943920239682663, "norm": 0.0, "steps": 26.78547491764156, "units_decay": 0.7}, "datetime": {"datetime": "2020-08-09 01:53:56", "elapsed": 6636.141935, "delta": 926.703185}}
{"target": -0.14221934974193573, "params": {"batch_size": 64.0, "dropout_rate": 0.0, "last_units": 403.0548735158679, "learning_rate": 0.0001, "lr_decay": 0.0, "n_layers": 3.99, "norm": 1.0, "steps": 56.0, "units_decay": 0.7}, "datetime": {"datetime": "2020-08-09 02:43:11", "elapsed": 0.0, "delta": 0.0}}
{"target": -0.1416771560907364, "params": {"batch_size": 41.795648166806856, "dropout_rate": 0.15870155305798914, "last_units": 407.25887454507074, "learning_rate": 0.0028690768598670776, "lr_decay": 0.00018799979086482561, "n_layers": 3.2368678854383623, "norm": 0.20000071144600917, "steps": 14.855025404534883, "units_decay": 0.6863585120038377}, "datetime": {"datetime": "2020-08-09 02:49:28", "elapsed": 376.73259, "delta": 376.73259}}
{"target": -0.14191818237304688, "params": {"batch_size": 63.735090529452506, "dropout_rate": 0.2580801407707233, "last_units": 397.8763050290062, "learning_rate": 0.003124491685026755, "lr_decay": 0.0003474642021132078, "n_layers": 3.6022273687850817, "norm": 0.190792971656852, "steps": 31.852943378983262, "units_decay": 0.5975879446959705}, "datetime": {"datetime": "2020-08-09 03:02:02", "elapsed": 1130.633517, "delta": 753.900927}}
{"target": -0.14073063433170319, "params": {"batch_size": 43.151422839824754, "dropout_rate": 0.2989138519676607, "last_units": 381.20590447746997, "learning_rate": 0.0015936349864064403, "lr_decay": 0.000567439707026972, "n_layers": 3.6496730122045604, "norm": 0.1820456188571527, "steps": 30.920046023086016, "units_decay": 0.6401730183992429}, "datetime": {"datetime": "2020-08-09 03:12:23", "elapsed": 1751.16876, "delta": 620.535243}}
{"target": -0.141041561961174, "params": {"batch_size": 44.07386416662658, "dropout_rate": 0.28953922933550985, "last_units": 332.8187698599621, "learning_rate": 0.0028157192208405554, "lr_decay": 5.043082813822823e-05, "n_layers": 3.3233881855849767, "norm": 0.17373563369743833, "steps": 14.83412262583419, "units_decay": 0.6268184996691056}, "datetime": {"datetime": "2020-08-09 03:18:53", "elapsed": 2141.614718, "delta": 390.445958}}
{"target": -0.14095886051654816, "params": {"batch_size": 63.91814069274096, "dropout_rate": 0.2221495529533069, "last_units": 347.7254593533819, "learning_rate": 0.002001469882405494, "lr_decay": 0.00030493732511250693, "n_layers": 3.8672420226243673, "norm": 0.1658411477957097, "steps": 27.166808291655773, "units_decay": 0.6694915198296237}, "datetime": {"datetime": "2020-08-09 03:27:19", "elapsed": 2647.908141, "delta": 506.293423}}
{"target": -0.14549419283866882, "params": {"batch_size": 41.14238647012408, "dropout_rate": 0.1426132403865849, "last_units": 421.24897613752375, "learning_rate": 0.00643133901503536, "lr_decay": 0.00027292600187517335, "n_layers": 3.6927800320904347, "norm": 0.8308096793245481, "steps": 55.26300073782444, "units_decay": 0.5728817751782633}, "datetime": {"datetime": "2020-08-09 03:49:09", "elapsed": 0.0, "delta": 0.0}}
{"target": -0.14230461418628693, "params": {"batch_size": 44.885729084487984, "dropout_rate": 0.23172383421965964, "last_units": 403.7859147270997, "learning_rate": 0.0029478828677938613, "lr_decay": 0.0005478835425826862, "n_layers": 3.694408814972178, "norm": 0.12608530301229579, "steps": 30.361981754088784, "units_decay": 0.5955842243541426}, "datetime": {"datetime": "2020-08-09 04:01:26", "elapsed": 737.199842, "delta": 737.199842}}
{"target": -0.14521144330501556, "params": {"batch_size": 42.02199119509248, "dropout_rate": 0.24280444143565744, "last_units": 410.1425860346841, "learning_rate": 0.004803729831424186, "lr_decay": 0.00029056849901663487, "n_layers": 4.9871161133641095, "norm": 0.591156924562078, "steps": 55.29832496447325, "units_decay": 0.41198208832192196}, "datetime": {"datetime": "2020-08-09 04:29:40", "elapsed": 0.0, "delta": 0.0}}
{"target": -0.14608533680438995, "params": {"batch_size": 106.39601376362074, "dropout_rate": 0.11909733757004756, "last_units": 368.978821291033, "learning_rate": 0.006409493076481387, "lr_decay": 0.000957704945449173, "n_layers": 4.633804447981801, "norm": 0.9084933788499362, "steps": 22.245880365740803, "units_decay": 0.4405985615301923}, "datetime": {"datetime": "2020-08-09 04:38:29", "elapsed": 528.650869, "delta": 528.650869}}
{"target": -0.14249831438064575, "params": {"batch_size": 69.35990233539812, "dropout_rate": 0.21647930250792566, "last_units": 237.13584914468714, "learning_rate": 0.0054747738886782174, "lr_decay": 0.0007642498194205687, "n_layers": 3.415268706575218, "norm": 0.8356640657005368, "steps": 17.913443014395483, "units_decay": 0.9102218903717685}, "datetime": {"datetime": "2020-08-09 04:44:07", "elapsed": 866.853132, "delta": 338.202263}}
{"target": -0.1962217092514038, "params": {"batch_size": 67.77598910206615, "dropout_rate": 0.20741764414645567, "last_units": 353.3873352872494, "learning_rate": 0.008263056392674353, "lr_decay": 0.00022212046196421799, "n_layers": 3.1795033491691855, "norm": 0.7004417292105539, "steps": 22.764760642278958, "units_decay": 0.3164832357532076}, "datetime": {"datetime": "2020-08-09 04:46:29", "elapsed": 1009.360801, "delta": 142.507669}}
{"target": -0.14297914505004883, "params": {"batch_size": 62.32998232016958, "dropout_rate": 0.03928625624918045, "last_units": 469.44325775329753, "learning_rate": 0.001458435741108906, "lr_decay": 0.0006558648836914205, "n_layers": 3.7556239055907374, "norm": 0.9362921824848823, "steps": 47.38896611990344, "units_decay": 0.582944269518824}, "datetime": {"datetime": "2020-08-09 04:59:04", "elapsed": 1764.279643, "delta": 754.918842}}
{"target": -0.14140954613685608, "params": {"batch_size": 61.245622458890395, "dropout_rate": 0.2327811804275355, "last_units": 344.2523841439223, "learning_rate": 0.0001, "lr_decay": 0.0002727479934080073, "n_layers": 4.23716518069025, "norm": 0.0, "steps": 27.858098312452434, "units_decay": 0.8654006108857597}, "datetime": {"datetime": "2020-08-09 05:18:30", "elapsed": 2930.41221, "delta": 1166.132567}}
{"target": -0.14077036082744598, "params": {"batch_size": 52.32728767283878, "dropout_rate": 0.20798483548544208, "last_units": 375.72382708105647, "learning_rate": 0.0011304426994826699, "lr_decay": 0.00026656800765684886, "n_layers": 3.541347459082604, "norm": 0.23608815656577528, "steps": 15.792092459403316, "units_decay": 0.4197900413306544}, "datetime": {"datetime": "2020-08-09 05:24:11", "elapsed": 3271.027187, "delta": 340.614977}}
{"target": -0.14107556641101837, "params": {"batch_size": 55.95066303249813, "dropout_rate": 0.2124147657368279, "last_units": 380.0866118668885, "learning_rate": 0.0019126704427476905, "lr_decay": 2.7666912954047145e-05, "n_layers": 3.6294525301281206, "norm": 0.1750336745422145, "steps": 17.126622604227965, "units_decay": 0.860914719717776}, "datetime": {"datetime": "2020-08-09 05:29:40", "elapsed": 3599.611705, "delta": 328.584518}}
{"target": -0.14063818752765656, "params": {"batch_size": 58.15833927448138, "dropout_rate": 0.2921247045019637, "last_units": 376.1062738528639, "learning_rate": 0.0013745101728194573, "lr_decay": 0.0002747045658881448, "n_layers": 3.6468451284343253, "norm": 0.2555596549105995, "steps": 21.269863396688066, "units_decay": 0.43982743183668443}, "datetime": {"datetime": "2020-08-09 05:36:33", "elapsed": 4013.065772, "delta": 413.454067}}
{"target": -0.1411854475736618, "params": {"batch_size": 53.80139608952801, "dropout_rate": 0.19273650640256176, "last_units": 381.15938722537726, "learning_rate": 0.001936413802167979, "lr_decay": 0.000159695897095518, "n_layers": 3.7535698032714695, "norm": 0.07753765151333203, "steps": 23.910846214254285, "units_decay": 0.5474959403100719}, "datetime": {"datetime": "2020-08-09 05:44:02", "elapsed": 4461.924187, "delta": 448.858415}}
{"target": -0.14306500554084778, "params": {"batch_size": 50.70949534847088, "dropout_rate": 0.2893264276025464, "last_units": 374.70164140972577, "learning_rate": 0.0027131872440688868, "lr_decay": 0.00014246669045269805, "n_layers": 4.143816454837678, "norm": 0.10807258920046516, "steps": 22.298093744046255, "units_decay": 0.7928624161432818}, "datetime": {"datetime": "2020-08-09 06:00:58", "elapsed": 5477.726256, "delta": 1015.802069}}
{"target": -0.14058899879455566, "params": {"batch_size": 60.46473962968335, "dropout_rate": 0.20536420225821833, "last_units": 383.0283046390107, "learning_rate": 0.0004963673623870926, "lr_decay": 0.0004175304520229385, "n_layers": 3.7164308248224716, "norm": 0.2316548443596855, "steps": 22.83780095680126, "units_decay": 0.8285433771790706}, "datetime": {"datetime": "2020-08-09 06:10:55", "elapsed": 6075.414001, "delta": 597.687745}}
{"target": -0.1408012956380844, "params": {"batch_size": 55.957891236508075, "dropout_rate": 0.22934094315512088, "last_units": 388.7246946270248, "learning_rate": 0.002175576573297535, "lr_decay": 0.0003556703742882538, "n_layers": 3.244401490757181, "norm": 0.2090647902506406, "steps": 24.856340731641072, "units_decay": 0.6544254830545176}, "datetime": {"datetime": "2020-08-09 06:17:48", "elapsed": 6488.010229, "delta": 412.596228}}
{"target": -0.14101029932498932, "params": {"batch_size": 60.64897061432744, "dropout_rate": 0.2594588645777571, "last_units": 369.53334469929445, "learning_rate": 0.001538050990354626, "lr_decay": 0.00047231511398824436, "n_layers": 3.9731314930026045, "norm": 0.175007909878217, "steps": 27.852220335185766, "units_decay": 0.784817882334748}, "datetime": {"datetime": "2020-08-09 06:25:49", "elapsed": 6968.4813, "delta": 480.471071}}
