{"target": -0.14078906178474426, "params": {"batch_size": 57.432911646662774, "dropout_rate": 0.1912670543641677, "last_units": 367.7048471066852, "learning_rate": 0.0008805929068318332, "lr_decay": 0.00053464773295549, "n_layers": 3.4389260623556392, "norm": 0.1213642096827088, "steps": 18.364622605364197, "units_decay": 0.9092293609017201}, "datetime": {"datetime": "2020-08-09 06:31:54", "elapsed": 7334.038106, "delta": 365.556806}}
{"target": -0.1412356197834015, "params": {"batch_size": 59.40866573842796, "dropout_rate": 0.21013305615868155, "last_units": 390.86323583937207, "learning_rate": 0.002340194076345008, "lr_decay": 0.0002455426460820588, "n_layers": 3.583661989873175, "norm": 0.07476236201518968, "steps": 17.71001791382295, "units_decay": 0.679259047704032}, "datetime": {"datetime": "2020-08-09 06:38:00", "elapsed": 7699.752875, "delta": 365.714769}}
{"target": -0.1411878615617752, "params": {"batch_size": 56.12127873901782, "dropout_rate": 0.19462850309981733, "last_units": 363.2631800684343, "learning_rate": 0.0022424814189857577, "lr_decay": 0.00037506423869510485, "n_layers": 3.6776865456199292, "norm": 0.09286483924678253, "steps": 29.008784971548458, "units_decay": 0.7350933916146585}, "datetime": {"datetime": "2020-08-09 06:45:25", "elapsed": 8144.740937, "delta": 444.988062}}
{"target": -0.14096498489379883, "params": {"batch_size": 47.19253643637898, "dropout_rate": 0.24372763411089213, "last_units": 344.0897186225489, "learning_rate": 0.0015215157122957107, "lr_decay": 0.0005251250653162496, "n_layers": 3.7056405467941866, "norm": 0.19289224588267595, "steps": 17.110116690968336, "units_decay": 0.8661412981735266}, "datetime": {"datetime": "2020-08-09 06:51:22", "elapsed": 8501.978156, "delta": 357.237219}}
{"target": -0.1413130909204483, "params": {"batch_size": 52.52322442681058, "dropout_rate": 0.16350678373485975, "last_units": 359.8472143798813, "learning_rate": 0.0001, "lr_decay": 0.0005649884971415002, "n_layers": 3.3701995931045543, "norm": 0.09713915230957343, "steps": 17.05282014998062, "units_decay": 0.9113586942300355}, "datetime": {"datetime": "2020-08-09 07:01:27", "elapsed": 9106.845689, "delta": 604.867533}}
{"target": -0.14073900878429413, "params": {"batch_size": 46.81490252312061, "dropout_rate": 0.2416042187734786, "last_units": 351.3404745709833, "learning_rate": 0.00015688595397187637, "lr_decay": 0.0004478954253512046, "n_layers": 3.896377904165272, "norm": 0.17848182399309825, "steps": 22.89963775768175, "units_decay": 0.9320791225437988}, "datetime": {"datetime": "2020-08-09 07:13:20", "elapsed": 9820.361441, "delta": 713.515752}}
{"target": -0.14088693261146545, "params": {"batch_size": 48.38031422247579, "dropout_rate": 0.24314052247554946, "last_units": 343.5868870578158, "learning_rate": 0.0001, "lr_decay": 0.0002844495663034366, "n_layers": 3.4032769204357876, "norm": 0.11025443228445937, "steps": 26.1675739049231, "units_decay": 0.7130300087638164}, "datetime": {"datetime": "2020-08-09 07:28:17", "elapsed": 10716.716472, "delta": 896.355031}}
{"target": -0.140891894698143, "params": {"batch_size": 47.27824400234204, "dropout_rate": 0.16947669805175375, "last_units": 388.046537284353, "learning_rate": 0.0001, "lr_decay": 0.0005439572934564654, "n_layers": 3.9819478145954457, "norm": 0.3469852358311503, "steps": 27.601430627961776, "units_decay": 0.938281077173562}, "datetime": {"datetime": "2020-08-09 07:45:43", "elapsed": 11762.832794, "delta": 1046.116322}}
{"target": -0.14091536402702332, "params": {"batch_size": 56.90084743374868, "dropout_rate": 0.1888251437034578, "last_units": 399.00101899645864, "learning_rate": 0.0015673956268511156, "lr_decay": 0.0003069534225701356, "n_layers": 3.8896259448166397, "norm": 0.25241559968516547, "steps": 23.733724534524846, "units_decay": 0.767502978678803}, "datetime": {"datetime": "2020-08-09 07:52:23", "elapsed": 12162.714967, "delta": 399.882173}}
{"target": -0.14087902009487152, "params": {"batch_size": 64.80847268721271, "dropout_rate": 0.17653496867660787, "last_units": 392.24978213933565, "learning_rate": 0.0009024979132440159, "lr_decay": 0.00048120636880012567, "n_layers": 3.96104397912854, "norm": 0.23187887143893954, "steps": 24.913545848873188, "units_decay": 0.8418205816902202}, "datetime": {"datetime": "2020-08-09 07:58:45", "elapsed": 12545.142328, "delta": 382.427361}}
{"target": -0.14093561470508575, "params": {"batch_size": 65.82728509035461, "dropout_rate": 0.23613325117723588, "last_units": 401.27817749126615, "learning_rate": 0.0001, "lr_decay": 0.0005259256651970086, "n_layers": 3.461365012487615, "norm": 0.33053623874753263, "steps": 22.75270091160954, "units_decay": 0.9226297377118476}, "datetime": {"datetime": "2020-08-09 08:19:15", "elapsed": 13775.081055, "delta": 1229.938727}}
{"target": -0.1405760794878006, "params": {"batch_size": 58.67119137527773, "dropout_rate": 0.2237152060515781, "last_units": 409.230239404113, "learning_rate": 0.0006215719595276504, "lr_decay": 0.0004530179288972213, "n_layers": 3.83965011501486, "norm": 0.28654955794388637, "steps": 22.921286299029987, "units_decay": 0.7458505319954136}, "datetime": {"datetime": "2020-08-09 08:27:00", "elapsed": 14240.256288, "delta": 465.175233}}
{"target": -0.14077401161193848, "params": {"batch_size": 50.92587243781551, "dropout_rate": 0.19937279482083875, "last_units": 406.0713640320021, "learning_rate": 0.00015049266734256696, "lr_decay": 0.00038955343132572167, "n_layers": 3.939930260664349, "norm": 0.2392482661659331, "steps": 19.333479522013985, "units_decay": 0.7635416849614476}, "datetime": {"datetime": "2020-08-09 08:37:38", "elapsed": 14877.533092, "delta": 637.276804}}
{"target": -0.14063534140586853, "params": {"batch_size": 52.66943515400834, "dropout_rate": 0.2316255265401047, "last_units": 415.62250269197244, "learning_rate": 0.0006027535277128026, "lr_decay": 0.00048267372863797806, "n_layers": 3.8259514507868815, "norm": 0.2368169986720627, "steps": 21.082043621248086, "units_decay": 0.6964940902427253}, "datetime": {"datetime": "2020-08-09 08:45:02", "elapsed": 15321.689185, "delta": 444.156093}}
{"target": -0.1409103125333786, "params": {"batch_size": 62.191586494503156, "dropout_rate": 0.24629252156414758, "last_units": 417.9505163914991, "learning_rate": 0.0001, "lr_decay": 0.00040715679629722953, "n_layers": 4.030722001913134, "norm": 0.3596576998300416, "steps": 21.60826206182574, "units_decay": 0.8112899167723764}, "datetime": {"datetime": "2020-08-09 09:03:13", "elapsed": 16413.122614, "delta": 1091.433429}}
{"target": -0.14089038968086243, "params": {"batch_size": 55.61799239192475, "dropout_rate": 0.20619189895786474, "last_units": 424.1101249357808, "learning_rate": 0.0009297210414566315, "lr_decay": 0.0005323281672448023, "n_layers": 3.6581318224615007, "norm": 0.23270971335949536, "steps": 24.700458990996864, "units_decay": 0.723676220147226}, "datetime": {"datetime": "2020-08-09 09:11:17", "elapsed": 16897.102158, "delta": 483.979544}}
{"target": -0.1409657597541809, "params": {"batch_size": 67.10993293101879, "dropout_rate": 0.20333917880148417, "last_units": 376.9235995754061, "learning_rate": 0.0001, "lr_decay": 0.0005283626553274233, "n_layers": 3.6672077370891687, "norm": 0.35252965599614144, "steps": 26.03705913497596, "units_decay": 0.8049095767566224}, "datetime": {"datetime": "2020-08-09 09:28:02", "elapsed": 17902.024204, "delta": 1004.922046}}
{"target": -0.14089035987854004, "params": {"batch_size": 63.57007839694613, "dropout_rate": 0.20435798016398887, "last_units": 428.085243838817, "learning_rate": 0.0014185571291298695, "lr_decay": 0.0003814404387885294, "n_layers": 3.6758298559854534, "norm": 0.27648224268050503, "steps": 20.485821531935052, "units_decay": 0.6897444394722653}, "datetime": {"datetime": "2020-08-09 09:34:10", "elapsed": 18269.941078, "delta": 367.916874}}
{"target": -0.140743225812912, "params": {"batch_size": 55.36594607550671, "dropout_rate": 0.24210457064478788, "last_units": 432.74681403649316, "learning_rate": 0.0001, "lr_decay": 0.000385019313293964, "n_layers": 3.9952793610927966, "norm": 0.34609659643604657, "steps": 20.10930131458875, "units_decay": 0.7991513198924046}, "datetime": {"datetime": "2020-08-09 09:48:46", "elapsed": 19145.771033, "delta": 875.829955}}
{"target": -0.14089855551719666, "params": {"batch_size": 61.96541256508453, "dropout_rate": 0.21275032363010696, "last_units": 436.4949459212894, "learning_rate": 0.00014477015211566141, "lr_decay": 0.0005168786211266365, "n_layers": 3.8310028687295077, "norm": 0.24919448643762862, "steps": 25.343814701027625, "units_decay": 0.7250825221280404}, "datetime": {"datetime": "2020-08-09 10:02:58", "elapsed": 19997.913013, "delta": 852.14198}}
{"target": -0.14075890183448792, "params": {"batch_size": 65.46774580250174, "dropout_rate": 0.23420756745581472, "last_units": 411.25794833551663, "learning_rate": 0.0001971090698054837, "lr_decay": 0.00042079012793968374, "n_layers": 3.889449329182321, "norm": 0.2926746792049465, "steps": 25.38784286739526, "units_decay": 0.7736540056765823}, "datetime": {"datetime": "2020-08-09 10:15:07", "elapsed": 20727.347306, "delta": 729.434293}}
{"target": -0.14091217517852783, "params": {"batch_size": 52.14145402295621, "dropout_rate": 0.20794862458347488, "last_units": 409.675169266156, "learning_rate": 0.0001, "lr_decay": 0.0003947176158443786, "n_layers": 3.706217490158789, "norm": 0.23549541581667052, "steps": 25.332211925065295, "units_decay": 0.7915492950185963}, "datetime": {"datetime": "2020-08-09 10:31:13", "elapsed": 21693.408172, "delta": 966.060866}}
{"target": -0.1408517211675644, "params": {"batch_size": 52.46794089057229, "dropout_rate": 0.20873695365688003, "last_units": 433.31044862647786, "learning_rate": 0.0012382638912360518, "lr_decay": 0.0005084032262974218, "n_layers": 3.712889121401593, "norm": 0.23804812292303132, "steps": 25.211665643763528, "units_decay": 0.7024367071233901}, "datetime": {"datetime": "2020-08-09 10:37:32", "elapsed": 22072.133123, "delta": 378.724951}}
{"target": -0.14082887768745422, "params": {"batch_size": 59.44179652935029, "dropout_rate": 0.23794454582654126, "last_units": 429.9615978037919, "learning_rate": 0.0012074292946506317, "lr_decay": 0.0005056339614274119, "n_layers": 3.960073058947464, "norm": 0.24047319467407408, "steps": 25.09714667652685, "units_decay": 0.7703602612140902}, "datetime": {"datetime": "2020-08-09 10:44:58", "elapsed": 22518.426321, "delta": 446.293198}}
{"target": -0.1409207582473755, "params": {"batch_size": 64.26962493772439, "dropout_rate": 0.2101973332653631, "last_units": 423.2401654871046, "learning_rate": 0.0001, "lr_decay": 0.0005030031598009024, "n_layers": 3.9540519117508337, "norm": 0.33032210305020804, "steps": 24.988353657652006, "units_decay": 0.7066695550484124}, "datetime": {"datetime": "2020-08-09 11:01:43", "elapsed": 23522.639706, "delta": 1004.213385}}
{"target": -0.14097952842712402, "params": {"batch_size": 63.98970325960206, "dropout_rate": 0.21087322690467386, "last_units": 407.22112188146843, "learning_rate": 0.0001, "lr_decay": 0.0005005038982557183, "n_layers": 3.730968408115685, "norm": 0.24496564009288077, "steps": 20.957572308339067, "units_decay": 0.7086286038957624}, "datetime": {"datetime": "2020-08-09 11:18:23", "elapsed": 24522.465142, "delta": 999.825436}}
{"target": -0.140769362449646, "params": {"batch_size": 56.93723288762828, "dropout_rate": 0.23591508624113713, "last_units": 416.4349498782553, "learning_rate": 0.0011238713922287163, "lr_decay": 0.0004981295997877934, "n_layers": 3.9428977365690763, "norm": 0.3260542799023417, "steps": 24.78681459018636, "units_decay": 0.7812113636900822}, "datetime": {"datetime": "2020-08-09 11:25:33", "elapsed": 24953.237184, "delta": 430.772042}}
{"target": -0.1407226175069809, "params": {"batch_size": 61.82953084480184, "dropout_rate": 0.23530509223165919, "last_units": 396.4009899261445, "learning_rate": 0.00014438749846163763, "lr_decay": 0.0004101618415511778, "n_layers": 3.9377353554913657, "norm": 0.32407904380441893, "steps": 21.149034422431434, "units_decay": 0.7122577418854785}, "datetime": {"datetime": "2020-08-09 11:38:15", "elapsed": 25714.62529, "delta": 761.388106}}
{"target": -0.1408812701702118, "params": {"batch_size": 60.44590373688311, "dropout_rate": 0.23472559792265513, "last_units": 403.9059477869515, "learning_rate": 0.0010748971975403625, "lr_decay": 0.00041230464591848, "n_layers": 3.93283109346754, "norm": 0.3222025695113923, "steps": 24.604925581798614, "units_decay": 0.7139373813909753}, "datetime": {"datetime": "2020-08-09 11:48:07", "elapsed": 26307.158245, "delta": 592.532955}}
{"target": -0.14063936471939087, "params": {"batch_size": 54.33923020479629, "dropout_rate": 0.23417507832910128, "last_units": 394.21134416045203, "learning_rate": 0.0001909129834155739, "lr_decay": 0.0004916955477270255, "n_layers": 3.9281720445449064, "norm": 0.320419918933017, "steps": 24.52074361766018, "units_decay": 0.7761680250696301}, "datetime": {"datetime": "2020-08-09 12:00:26", "elapsed": 27046.222799, "delta": 739.064554}}
{"target": -0.14077812433242798, "params": {"batch_size": 59.50192865210315, "dropout_rate": 0.22777840436742472, "last_units": 424.0973112315552, "learning_rate": 0.00042059737899321093, "lr_decay": 0.00047793315024254377, "n_layers": 3.8094981520586044, "norm": 0.286377976286428, "steps": 21.444350504945923, "units_decay": 0.7617379399225921}, "datetime": {"datetime": "2020-08-09 12:07:35", "elapsed": 27475.075449, "delta": 428.85265}}
{"target": -0.14062899351119995, "params": {"batch_size": 55.67782558530897, "dropout_rate": 0.23315524078204278, "last_units": 403.99728298307343, "learning_rate": 0.0010102416854687994, "lr_decay": 0.0004879244798911196, "n_layers": 3.7597590736139934, "norm": 0.31711755873657677, "steps": 21.477776068966236, "units_decay": 0.773212069494894}, "datetime": {"datetime": "2020-08-09 12:14:49", "elapsed": 27909.235721, "delta": 434.160272}}
{"target": -0.14068210124969482, "params": {"batch_size": 54.9570761667362, "dropout_rate": 0.21474717305763666, "last_units": 420.7475509508348, "learning_rate": 0.0002523357198835589, "lr_decay": 0.00041985670545301786, "n_layers": 3.9155466043456832, "norm": 0.27385013601696706, "steps": 21.549951580469422, "units_decay": 0.7198570713709073}, "datetime": {"datetime": "2020-08-09 12:24:19", "elapsed": 28478.620714, "delta": 569.384993}}
{"target": -0.14091145992279053, "params": {"batch_size": 62.19960082339218, "dropout_rate": 0.21519557470733375, "last_units": 412.87994296980025, "learning_rate": 0.00033574506627705446, "lr_decay": 0.00042151476662522804, "n_layers": 3.767548450150578, "norm": 0.2589619372284833, "steps": 21.618518316397452, "units_decay": 0.7211567444021326}, "datetime": {"datetime": "2020-08-09 12:32:21", "elapsed": 28961.280173, "delta": 482.659459}}
{"target": -0.14076140522956848, "params": {"batch_size": 55.319202399569, "dropout_rate": 0.21562155627454596, "last_units": 411.5527702517665, "learning_rate": 0.0002883362532488579, "lr_decay": 0.0004230899247388277, "n_layers": 3.908146696635928, "norm": 0.3127577976235193, "steps": 21.68365671552908, "units_decay": 0.7223914337817967}, "datetime": {"datetime": "2020-08-09 12:40:51", "elapsed": 29470.848091, "delta": 509.567918}}
{"target": -0.14086878299713135, "params": {"batch_size": 60.91125698749677, "dropout_rate": 0.21602623876339758, "last_units": 401.50010483316316, "learning_rate": 0.0009381458804925032, "lr_decay": 0.00048144953284769517, "n_layers": 3.7745783624748457, "norm": 0.26165173024823507, "steps": 21.745538194704125, "units_decay": 0.7681366752983497}, "datetime": {"datetime": "2020-08-09 12:48:05", "elapsed": 29904.729312, "delta": 433.881221}}
{"target": -0.14081676304340363, "params": {"batch_size": 59.52614326098328, "dropout_rate": 0.2164106871278066, "last_units": 420.6156508985694, "learning_rate": 0.0009223171844442606, "lr_decay": 0.0004260079051442711, "n_layers": 3.777831950101846, "norm": 0.26289662163301764, "steps": 24.038246998139556, "units_decay": 0.7246786958576243}, "datetime": {"datetime": "2020-08-09 12:55:28", "elapsed": 30348.045369, "delta": 443.316057}}
{"target": -0.14067517220973969, "params": {"batch_size": 55.79727982722946, "dropout_rate": 0.21677591307399516, "last_units": 406.2543619044365, "learning_rate": 0.0003358639958568707, "lr_decay": 0.0004273584063319186, "n_layers": 3.898377371682223, "norm": 0.2640792684485611, "steps": 23.982398963184078, "units_decay": 0.7257372876645137}, "datetime": {"datetime": "2020-08-09 13:04:15", "elapsed": 30875.147455, "delta": 527.102086}}
{"target": -0.14072294533252716, "params": {"batch_size": 61.40140734592359, "dropout_rate": 0.2303075343802819, "last_units": 398.631897138636, "learning_rate": 0.0003501493940404097, "lr_decay": 0.00047739447533425884, "n_layers": 3.7838592211808653, "norm": 0.30789633296444535, "steps": 23.929343329976373, "units_decay": 0.7267429498810588}, "datetime": {"datetime": "2020-08-09 13:13:59", "elapsed": 31458.735999, "delta": 583.588544}}
{"target": -0.14090782403945923, "params": {"batch_size": 58.016896519484945, "dropout_rate": 0.2174524941393095, "last_units": 415.9861320104853, "learning_rate": 0.000879423396740529, "lr_decay": 0.000476175648012407, "n_layers": 3.786648765872565, "norm": 0.2662701216743553, "steps": 21.96363211963092, "units_decay": 0.7276983289867766}, "datetime": {"datetime": "2020-08-09 13:21:10", "elapsed": 31889.97611, "delta": 431.240111}}
{"target": -0.1407417356967926, "params": {"batch_size": 61.13521128878561, "dropout_rate": 0.22966478236823326, "last_units": 414.9813263468337, "learning_rate": 0.0008665308248798851, "lr_decay": 0.0004750177620566477, "n_layers": 3.7892988333296795, "norm": 0.2672840934878319, "steps": 23.8310577694591, "units_decay": 0.7286059391372084}, "datetime": {"datetime": "2020-08-09 13:28:15", "elapsed": 32315.078274, "delta": 425.102164}}
{"target": -0.1406208723783493, "params": {"batch_size": 59.31465113282309, "dropout_rate": 0.2180631085507557, "last_units": 405.9709890136329, "learning_rate": 0.0003888610374430274, "lr_decay": 0.00043211808739576624, "n_layers": 3.8874838326157817, "norm": 0.2682473667106346, "steps": 22.05700340212233, "units_decay": 0.7622328952107086}, "datetime": {"datetime": "2020-08-09 13:36:01", "elapsed": 32780.551497, "delta": 465.473223}}
{"target": -0.14063391089439392, "params": {"batch_size": 60.89496934721859, "dropout_rate": 0.2290846986773594, "last_units": 408.63715943537164, "learning_rate": 0.0008426473355080422, "lr_decay": 0.00043316307947083895, "n_layers": 3.794208083293985, "norm": 0.26916247627229717, "steps": 23.74235505109226, "units_decay": 0.7614137770499438}, "datetime": {"datetime": "2020-08-09 13:43:51", "elapsed": 33251.053509, "delta": 470.502012}}
{"target": -0.1407436728477478, "params": {"batch_size": 56.682893688795694, "dropout_rate": 0.22881622404607033, "last_units": 412.6014866519825, "learning_rate": 0.0004115503523462782, "lr_decay": 0.0004341558219421581, "n_layers": 3.7964801848800285, "norm": 0.27003183035587663, "steps": 23.70130161348915, "units_decay": 0.7606356147972173}, "datetime": {"datetime": "2020-08-09 13:51:37", "elapsed": 33716.829823, "delta": 465.776314}}
{"target": -0.14071179926395416, "params": {"batch_size": 56.933505281163214, "dropout_rate": 0.2189901117664526, "last_units": 402.78341827331013, "learning_rate": 0.0005145716309919005, "lr_decay": 0.00044880073132813955, "n_layers": 3.8061980992359548, "norm": 0.28810991639324773, "steps": 23.652943095406513, "units_decay": 0.7405583179354431}, "datetime": {"datetime": "2020-08-09 14:00:05", "elapsed": 34224.745598, "delta": 507.915775}}
{"target": -0.14083802700042725, "params": {"batch_size": 60.50227230727455, "dropout_rate": 0.22831887479160734, "last_units": 411.80352583822327, "learning_rate": 0.0008111164600088387, "lr_decay": 0.0004359948773702768, "n_layers": 3.8786109769615456, "norm": 0.3014568070920651, "steps": 23.62525012032938, "units_decay": 0.7591940692240415}, "datetime": {"datetime": "2020-08-09 14:08:21", "elapsed": 34721.341852, "delta": 496.596254}}
{"target": -0.14065976440906525, "params": {"batch_size": 56.95166980156105, "dropout_rate": 0.2206824725506353, "last_units": 407.33528694853777, "learning_rate": 0.000581272065874345, "lr_decay": 0.0004476643815463136, "n_layers": 3.8722257345354687, "norm": 0.28835326294283903, "steps": 22.327088207220314, "units_decay": 0.7389462118314857}, "datetime": {"datetime": "2020-08-09 14:17:10", "elapsed": 35249.677955, "delta": 528.336103}}
{"target": -0.14060711860656738, "params": {"batch_size": 58.27003230496766, "dropout_rate": 0.22787001708945448, "last_units": 402.55064044723673, "learning_rate": 0.0004505080478433779, "lr_decay": 0.00046838123290028876, "n_layers": 3.8748122929217437, "norm": 0.3000033503001177, "steps": 22.285958950307286, "units_decay": 0.733807989646577}, "datetime": {"datetime": "2020-08-09 14:25:35", "elapsed": 35755.031918, "delta": 505.353963}}
{"target": -0.140704944729805, "params": {"batch_size": 58.39876914730826, "dropout_rate": 0.21976813556559555, "last_units": 406.42339109820324, "learning_rate": 0.00045906124342759153, "lr_decay": 0.00043842279009430725, "n_layers": 3.8062460460033205, "norm": 0.2993306606823061, "steps": 23.524847280316553, "units_decay": 0.7572909472268085}, "datetime": {"datetime": "2020-08-09 14:34:46", "elapsed": 36306.434083, "delta": 551.402165}}
{"target": -0.14069053530693054, "params": {"batch_size": 58.57445641800727, "dropout_rate": 0.22746492301326154, "last_units": 412.6425760677425, "learning_rate": 0.00046718677923259443, "lr_decay": 0.00046688331075998965, "n_layers": 3.8713839805758226, "norm": 0.29869160554538515, "steps": 22.34790336680775, "units_decay": 0.7567189264652386}, "datetime": {"datetime": "2020-08-09 14:44:19", "elapsed": 36879.220753, "delta": 572.78667}}
