{"target": -0.14102084934711456, "params": {"batch_size": 60.14649111651386, "dropout_rate": 0.22727743716517737, "last_units": 409.4348921763148, "learning_rate": 0.0007682378808079534, "lr_decay": 0.00046619004166685124, "n_layers": 3.8697972872977746, "norm": 0.2980845031653102, "steps": 22.37657251341886, "units_decay": 0.7355255572490798}, "datetime": {"datetime": "2020-08-09 14:51:26", "elapsed": 37306.348252, "delta": 427.127499}}
{"target": -0.1407013237476349, "params": {"batch_size": 57.26965662110341, "dropout_rate": 0.2270993256094974, "last_units": 409.9321534089463, "learning_rate": 0.0007609045847439383, "lr_decay": 0.00046553143602836975, "n_layers": 3.868289928683629, "norm": 0.27559135998353373, "steps": 23.438764395360558, "units_decay": 0.7360418059863965}, "datetime": {"datetime": "2020-08-09 14:59:24", "elapsed": 37784.446354, "delta": 478.098102}}
{"target": -0.14084117114543915, "params": {"batch_size": 59.9826096276096, "dropout_rate": 0.2269156267120077, "last_units": 404.13041362810856, "learning_rate": 0.0006079495651801, "lr_decay": 0.0004607825221505829, "n_layers": 3.845382693261459, "norm": 0.2857113531458743, "steps": 22.56064688006046, "units_decay": 0.7432929572026281}, "datetime": {"datetime": "2020-08-09 15:07:09", "elapsed": 38248.670431, "delta": 464.224077}}
{"target": -0.14078381657600403, "params": {"batch_size": 58.79866903752304, "dropout_rate": 0.22066103815055593, "last_units": 414.1403584299399, "learning_rate": 0.0004958242652699505, "lr_decay": 0.00046431136908308275, "n_layers": 3.8654975468509236, "norm": 0.2766597842846681, "steps": 23.388310280968327, "units_decay": 0.7369981567722756}, "datetime": {"datetime": "2020-08-09 15:15:54", "elapsed": 38774.173205, "delta": 525.502774}}
{"target": -0.14067676663398743, "params": {"batch_size": 57.469550515417524, "dropout_rate": 0.22081374654560704, "last_units": 404.73521208891765, "learning_rate": 0.0005021116499828355, "lr_decay": 0.0004422891607206529, "n_layers": 3.8642051752591207, "norm": 0.277154272967629, "steps": 22.477613516188566, "units_decay": 0.7374407755334326}, "datetime": {"datetime": "2020-08-09 15:22:44", "elapsed": 39184.315918, "delta": 410.142713}}
{"target": -0.14059008657932281, "params": {"batch_size": 59.812750192144925, "dropout_rate": 0.2264715925822506, "last_units": 407.24317349412667, "learning_rate": 0.0007350592535952245, "lr_decay": 0.0004632102586649613, "n_layers": 3.8629774222469075, "norm": 0.2776240372164419, "steps": 23.342775442729337, "units_decay": 0.7378612633565316}, "datetime": {"datetime": "2020-08-09 15:31:01", "elapsed": 39681.249905, "delta": 496.933987}}
{"target": -0.14091768860816956, "params": {"batch_size": 57.67371959385727, "dropout_rate": 0.22109663884743921, "last_units": 410.86745693826043, "learning_rate": 0.000513759030163455, "lr_decay": 0.00044333521561786834, "n_layers": 3.817489173144415, "norm": 0.2780703132528141, "steps": 22.520871612515602, "units_decay": 0.7534403372023515}, "datetime": {"datetime": "2020-08-09 15:37:29", "elapsed": 40068.736483, "delta": 387.486578}}
{"target": -0.14075331389904022, "params": {"batch_size": 58.141388767851616, "dropout_rate": 0.22620284489551004, "last_units": 408.1249976177472, "learning_rate": 0.0007239942368067148, "lr_decay": 0.00044381935128183595, "n_layers": 3.860703009791783, "norm": 0.2784942754873677, "steps": 23.301680251218652, "units_decay": 0.7386402170488227}, "datetime": {"datetime": "2020-08-09 15:45:17", "elapsed": 40536.537713, "delta": 467.80123}}
{"target": -0.14081552624702454, "params": {"batch_size": 59.023731490094235, "dropout_rate": 0.22135194914984277, "last_units": 410.3261118136237, "learning_rate": 0.0007188731282788367, "lr_decay": 0.00044427928016260525, "n_layers": 3.819649864976783, "norm": 0.27889703961019363, "steps": 23.28266055360922, "units_decay": 0.752700331194675}, "datetime": {"datetime": "2020-08-09 15:53:19", "elapsed": 41018.943747, "delta": 482.406034}}
{"target": -0.14070960879325867, "params": {"batch_size": 59.600998166358664, "dropout_rate": 0.22596030010822668, "last_units": 412.83962808200187, "learning_rate": 0.0005291554583609889, "lr_decay": 0.00044471797370302594, "n_layers": 3.820649877478687, "norm": 0.29381945036089446, "steps": 22.577980757179716, "units_decay": 0.752357841234712}, "datetime": {"datetime": "2020-08-09 16:01:00", "elapsed": 41480.010832, "delta": 461.067085}}
{"target": -0.14052855968475342, "params": {"batch_size": 59.55450782680462, "dropout_rate": 0.22584804540539424, "last_units": 405.8013201601185, "learning_rate": 0.0005337931666217087, "lr_decay": 0.0004451312984142303, "n_layers": 3.821599889355496, "norm": 0.293455955740044, "steps": 23.247426563787744, "units_decay": 0.7520324757727471}, "datetime": {"datetime": "2020-08-09 16:09:44", "elapsed": 42003.483763, "delta": 523.472931}}
{"target": -0.14059090614318848, "params": {"batch_size": 60.26116098802613, "dropout_rate": 0.22414177392234133, "last_units": 406.1541503579986, "learning_rate": 0.00046353676434718484, "lr_decay": 0.0004388219940278375, "n_layers": 3.8071597088280043, "norm": 0.29898107397697016, "steps": 23.50833877559395, "units_decay": 0.7569780307946139}, "datetime": {"datetime": "2020-08-09 16:19:09", "elapsed": 42568.715748, "delta": 565.231985}}
{"target": -0.14077000319957733, "params": {"batch_size": 58.88318732364418, "dropout_rate": 0.22422708749649398, "last_units": 403.1953415346827, "learning_rate": 0.0004670492345306594, "lr_decay": 0.0004511251375813035, "n_layers": 3.807881717854379, "norm": 0.29870481806512383, "steps": 23.495293165003638, "units_decay": 0.7567307530435206}, "datetime": {"datetime": "2020-08-09 16:26:36", "elapsed": 43016.129425, "delta": 447.413677}}
{"target": -0.14079417288303375, "params": {"batch_size": 58.9167533488022, "dropout_rate": 0.22738795541884949, "last_units": 404.9572303905791, "learning_rate": 0.0005971999021082055, "lr_decay": 0.0004508254456229498, "n_layers": 3.8346321522815567, "norm": 0.2984423749488699, "steps": 23.482899834942845, "units_decay": 0.7564958391799819}, "datetime": {"datetime": "2020-08-09 16:34:16", "elapsed": 43476.369958, "delta": 460.240533}}
{"target": -0.14076393842697144, "params": {"batch_size": 59.66035875023117, "dropout_rate": 0.22731095991817674, "last_units": 406.53790686290716, "learning_rate": 0.0004735567679095367, "lr_decay": 0.0004397218585659468, "n_layers": 3.809219239575738, "norm": 0.29819305398842855, "steps": 23.023726956190398, "units_decay": 0.7562726710096201}, "datetime": {"datetime": "2020-08-09 16:43:03", "elapsed": 44002.687902, "delta": 526.317944}}
{"target": -0.14072032272815704, "params": {"batch_size": 59.60686884700834, "dropout_rate": 0.22445827661825088, "last_units": 408.03562108410154, "learning_rate": 0.000476568593300736, "lr_decay": 0.0004502702662700997, "n_layers": 3.833361506646266, "norm": 0.2900414864654569, "steps": 23.45994119100522, "units_decay": 0.748004290323328}, "datetime": {"datetime": "2020-08-09 16:51:56", "elapsed": 44535.85166, "delta": 533.163758}}
