{"target": -2.158078630453213, "params": {"feature_fraction": 0.7554557521091222, "lambda_l2": 0.29592558912855726, "learning_rate": 0.27767886522764523, "min_data_in_leaf": 352.50715828719416, "num_leaves": 3029.1068650052794}}
{"target": -2.1703577976536264, "params": {"feature_fraction": 0.8067882519762019, "lambda_l2": 0.24693068541021532, "learning_rate": 0.40739284326488645, "min_data_in_leaf": 4251.900079390875, "num_leaves": 3204.229564859031}}
{"target": -2.1497428983279967, "params": {"feature_fraction": 0.9431220040570854, "lambda_l2": 0.29723951373146174, "learning_rate": 0.3014185621817614, "min_data_in_leaf": 4808.387638381709, "num_leaves": 1230.5297331120553}}
{"target": -2.170942942533649, "params": {"feature_fraction": 0.7483526693606605, "lambda_l2": 0.02935751096978223, "learning_rate": 0.3949728117814148, "min_data_in_leaf": 855.4214002126456, "num_leaves": 3439.8978347922416}}
{"target": -2.1748328268606256, "params": {"feature_fraction": 0.7755617088283351, "lambda_l2": 0.0488638421489601, "learning_rate": 0.4788207663609935, "min_data_in_leaf": 2761.333945781266, "num_leaves": 1193.7269051843575}}
{"target": -2.14036610863406, "params": {"feature_fraction": 0.9992752685081072, "lambda_l2": 0.08233455860636714, "learning_rate": 0.07068854475051659, "min_data_in_leaf": 338.97775958942213, "num_leaves": 2749.033005234081}}
{"target": -2.1535435328226176, "params": {"feature_fraction": 0.9048822644042906, "lambda_l2": 0.1551006535994985, "learning_rate": 0.28838016837813946, "min_data_in_leaf": 2765.0586189157516, "num_leaves": 2990.821784513823}}
{"target": -2.1781110288656786, "params": {"feature_fraction": 0.7402257218559006, "lambda_l2": 0.2275823116949109, "learning_rate": 0.4957238682193802, "min_data_in_leaf": 2822.6847808948055, "num_leaves": 1250.0772048903925}}
{"target": -2.1461225819427487, "params": {"feature_fraction": 0.7654458161667619, "lambda_l2": 0.18829970750834799, "learning_rate": 0.24290395161389633, "min_data_in_leaf": 143.80254508305612, "num_leaves": 777.9331694304261}}
{"target": -2.1856813599358142, "params": {"feature_fraction": 0.994449676454034, "lambda_l2": 0.0404434566395084, "learning_rate": 0.44564763490953263, "min_data_in_leaf": 1488.5997740036978, "num_leaves": 4207.489873658492}}
{"target": -2.137196990649158, "params": {"feature_fraction": 0.9859198476899441, "lambda_l2": 0.03151499922297383, "learning_rate": 0.12288854903769446, "min_data_in_leaf": 123.87311215653374, "num_leaves": 1495.4718577764243}}
{"target": -2.1646024363317484, "params": {"feature_fraction": 0.9276151452586721, "lambda_l2": 0.09168214619095935, "learning_rate": 0.03792026497584098, "min_data_in_leaf": 114.73365809517638, "num_leaves": 374.4010423377385}}
{"target": -2.146802615832569, "params": {"feature_fraction": 0.9477479949694027, "lambda_l2": 0.08984598298225024, "learning_rate": 0.17421951752941744, "min_data_in_leaf": 138.89904192241886, "num_leaves": 782.1714695861098}}
{"target": -2.1336471097097385, "params": {"feature_fraction": 0.9478993028001601, "lambda_l2": 0.01338429845147324, "learning_rate": 0.05932937678693024, "min_data_in_leaf": 114.6348179222884, "num_leaves": 486.9062052883909}}
{"target": -2.13766738714475, "params": {"feature_fraction": 0.9612372927113464, "lambda_l2": 0.02307355872807587, "learning_rate": 0.137335491735312, "min_data_in_leaf": 106.7302846693726, "num_leaves": 106.74716839912081}}
{"target": -2.1741340994868117, "params": {"feature_fraction": 0.9413953508193433, "lambda_l2": 0.005344964663627867, "learning_rate": 0.04714353631956697, "min_data_in_leaf": 100.60731907859758, "num_leaves": 108.63045466908194}}
{"target": -2.1363894087008544, "params": {"feature_fraction": 0.9338495722044109, "lambda_l2": 0.02670665962374335, "learning_rate": 0.09254632939557393, "min_data_in_leaf": 110.49975646510373, "num_leaves": 101.13997459251203}}
{"target": -2.1749761909066163, "params": {"feature_fraction": 0.9205198107911171, "lambda_l2": 0.004601499191286706, "learning_rate": 0.2622837821275326, "min_data_in_leaf": 434.57913460898806, "num_leaves": 4329.278977847801}}
{"target": -2.169253773092401, "params": {"feature_fraction": 0.7768167166280698, "lambda_l2": 0.10379389501963159, "learning_rate": 0.03366434142927537, "min_data_in_leaf": 771.2740678709662, "num_leaves": 600.6371616015208}}
{"target": -2.1672383594176257, "params": {"feature_fraction": 0.8184984704823611, "lambda_l2": 0.014589337134084567, "learning_rate": 0.34535171652696195, "min_data_in_leaf": 912.9289256820691, "num_leaves": 2206.9375599324308}}
{"target": -2.1787112028968956, "params": {"feature_fraction": 0.9031630228420596, "lambda_l2": 0.05608949281686493, "learning_rate": 0.4060345824811655, "min_data_in_leaf": 751.3332724778382, "num_leaves": 2372.841470676354}}
{"target": -2.1320942613804563, "params": {"feature_fraction": 0.9390807239407412, "lambda_l2": 0.2853532114659191, "learning_rate": 0.11311363202347433, "min_data_in_leaf": 166.8471804076953, "num_leaves": 4646.650839471793}}
{"target": -2.1340569420103406, "params": {"feature_fraction": 0.8240704687313385, "lambda_l2": 0.14913026891485434, "learning_rate": 0.08244469932978325, "min_data_in_leaf": 380.4168949487588, "num_leaves": 761.7355921056184}, "datetime": {"datetime": "2020-08-08 06:49:53", "elapsed": 0.0, "delta": 0.0}}
{"target": -2.181732235625963, "params": {"feature_fraction": 0.9491582987819099, "lambda_l2": 0.2652916338825141, "learning_rate": 0.3457761092780613, "min_data_in_leaf": 604.8829872567385, "num_leaves": 933.1643106005129}, "datetime": {"datetime": "2020-08-08 06:54:15", "elapsed": 262.306124, "delta": 262.306124}}
{"target": -2.1587067607355275, "params": {"feature_fraction": 0.7828570624432863, "lambda_l2": 0.27449207715152163, "learning_rate": 0.3520267807801721, "min_data_in_leaf": 1189.4567599253937, "num_leaves": 186.6085269109365}, "datetime": {"datetime": "2020-08-08 06:57:04", "elapsed": 430.935136, "delta": 168.629012}}
{"target": -2.2341237726595726, "params": {"feature_fraction": 0.9153106723848485, "lambda_l2": 0.1420942253129053, "learning_rate": 0.022505769499475286, "min_data_in_leaf": 1436.867338790207, "num_leaves": 705.8143329079676}, "datetime": {"datetime": "2020-08-08 07:12:15", "elapsed": 1342.578438, "delta": 911.643302}}
{"target": -2.1703236296734967, "params": {"feature_fraction": 0.8941927213270278, "lambda_l2": 0.13851584379035511, "learning_rate": 0.33171824050407395, "min_data_in_leaf": 1884.5147077073943, "num_leaves": 56.50844189746402}, "datetime": {"datetime": "2020-08-08 07:14:44", "elapsed": 1491.332052, "delta": 148.753614}}
{"target": -2.133223073589199, "params": {"feature_fraction": 0.882298044486951, "lambda_l2": 0.28748952724106275, "learning_rate": 0.058349360174391046, "min_data_in_leaf": 100.42223145278165, "num_leaves": 1000.0}, "datetime": {"datetime": "2020-08-08 07:26:03", "elapsed": 2170.062517, "delta": 678.730465}}
{"target": -2.1358705456794236, "params": {"feature_fraction": 0.911535755492313, "lambda_l2": 0.2586266390604558, "learning_rate": 0.11507155806475997, "min_data_in_leaf": 100.0722424736677, "num_leaves": 1000.0}, "datetime": {"datetime": "2020-08-08 07:34:00", "elapsed": 2647.153813, "delta": 477.091296}}
{"target": -2.1260470618899494, "params": {"feature_fraction": 0.8962034093909969, "lambda_l2": 0.2983114887747673, "learning_rate": 0.06897286747705235, "min_data_in_leaf": 100.84282609650921, "num_leaves": 1000.0}, "datetime": {"datetime": "2020-08-08 07:44:59", "elapsed": 3306.805245, "delta": 659.651432}}
{"target": -2.1573490586878727, "params": {"feature_fraction": 0.9604061658898058, "lambda_l2": 0.23690858921698257, "learning_rate": 0.199570745286917, "min_data_in_leaf": 100.23269708781821, "num_leaves": 973.1208025116368}, "datetime": {"datetime": "2020-08-08 07:49:27", "elapsed": 3574.161655, "delta": 267.35641}}
{"target": -2.125600882642285, "params": {"feature_fraction": 0.8477682705067217, "lambda_l2": 0.25053633416261767, "learning_rate": 0.06711291672210824, "min_data_in_leaf": 100.4524359480961, "num_leaves": 974.464762386055}, "datetime": {"datetime": "2020-08-08 07:59:55", "elapsed": 4202.561365, "delta": 628.39971}}
{"target": -2.1441186753957657, "params": {"feature_fraction": 0.8791605584494898, "lambda_l2": 0.2185533892678146, "learning_rate": 0.03948511813967674, "min_data_in_leaf": 100.0949122362975, "num_leaves": 951.4830485335044}, "datetime": {"datetime": "2020-08-08 08:11:25", "elapsed": 4892.33705, "delta": 689.775685}}
{"target": -2.145497514480859, "params": {"feature_fraction": 0.8811547025608264, "lambda_l2": 0.28073546045349074, "learning_rate": 0.041657855496039335, "min_data_in_leaf": 100.29978521023237, "num_leaves": 952.6321342261319}, "datetime": {"datetime": "2020-08-08 08:22:59", "elapsed": 5586.739997, "delta": 694.402947}}
{"target": -2.1377214573711765, "params": {"feature_fraction": 0.7815551721466802, "lambda_l2": 0.22678251647662717, "learning_rate": 0.1590871146319103, "min_data_in_leaf": 100.54110059339234, "num_leaves": 953.7237656341282}, "datetime": {"datetime": "2020-08-08 08:29:08", "elapsed": 5955.703269, "delta": 368.963272}}
{"target": -2.1463599826363318, "params": {"feature_fraction": 0.7922666959793976, "lambda_l2": 0.06004299670683596, "learning_rate": 0.3091287839141584, "min_data_in_leaf": 877.7530003555624, "num_leaves": 610.2101423453961}, "datetime": {"datetime": "2020-08-08 08:47:53", "elapsed": 0.0, "delta": 0.0}}
{"target": -2.1350423432424646, "params": {"feature_fraction": 0.9467227956934499, "lambda_l2": 0.24849831472789669, "learning_rate": 0.1655568044061786, "min_data_in_leaf": 1858.5659600410916, "num_leaves": 885.2804557909174}, "datetime": {"datetime": "2020-08-08 09:02:20", "elapsed": 866.438691, "delta": 866.438691}}
{"target": -2.558976310470667, "params": {"feature_fraction": 0.919387494446021, "lambda_l2": 0.05833408892839111, "learning_rate": 0.008400852671646138, "min_data_in_leaf": 103.83250124372216, "num_leaves": 531.7084420503036}, "datetime": {"datetime": "2020-08-08 09:14:22", "elapsed": 1589.022592, "delta": 722.583901}}
{"target": -2.1652186422840827, "params": {"feature_fraction": 0.32730594227671983, "lambda_l2": 0.09781128705438015, "learning_rate": 0.4420247064788929, "min_data_in_leaf": 1278.5773125852204, "num_leaves": 164.25805586629593}, "datetime": {"datetime": "2020-08-08 09:16:43", "elapsed": 1729.583615, "delta": 140.561023}}
{"target": -2.154346508783497, "params": {"feature_fraction": 0.5140434672832944, "lambda_l2": 0.22815234728185244, "learning_rate": 0.37326476671215875, "min_data_in_leaf": 1336.0084166943582, "num_leaves": 740.0602323100248}, "datetime": {"datetime": "2020-08-08 09:21:32", "elapsed": 2018.466735, "delta": 288.88312}}
{"target": -3.4030411528870483, "params": {"feature_fraction": 0.5638219545006925, "lambda_l2": 0.3, "learning_rate": 0.001, "min_data_in_leaf": 346.0510251543478, "num_leaves": 1000.0}, "datetime": {"datetime": "2020-08-08 09:36:28", "elapsed": 2914.93996, "delta": 896.473225}}
{"target": -3.4047451337634684, "params": {"feature_fraction": 0.578019270300994, "lambda_l2": 0.3, "learning_rate": 0.001, "min_data_in_leaf": 537.3958659893019, "num_leaves": 660.1439100021386}, "datetime": {"datetime": "2020-08-08 09:47:55", "elapsed": 3601.725163, "delta": 686.785203}}
{"target": -3.404300001331719, "params": {"feature_fraction": 0.5915067203112804, "lambda_l2": 0.1547184416670636, "learning_rate": 0.001, "min_data_in_leaf": 695.8016099678415, "num_leaves": 1000.0}, "datetime": {"datetime": "2020-08-08 10:00:54", "elapsed": 4380.690142, "delta": 778.964979}}
{"target": -2.1589501436677723, "params": {"feature_fraction": 0.7908129576319318, "lambda_l2": 0.25547609143260286, "learning_rate": 0.03675127522877291, "min_data_in_leaf": 665.469253018505, "num_leaves": 802.6326980248069}, "datetime": {"datetime": "2020-08-08 10:12:36", "elapsed": 5082.248317, "delta": 701.558175}}
{"target": -3.4030579762456337, "params": {"feature_fraction": 0.6164922214553359, "lambda_l2": 0.3, "learning_rate": 0.001, "min_data_in_leaf": 502.6312087416175, "num_leaves": 853.4485021420378}, "datetime": {"datetime": "2020-08-08 10:24:33", "elapsed": 5799.725888, "delta": 717.477571}}
{"target": -3.3980567824429113, "params": {"feature_fraction": 1.0, "lambda_l2": 0.16838446858424203, "learning_rate": 0.001, "min_data_in_leaf": 283.49711678721224, "num_leaves": 718.4484636140278}, "datetime": {"datetime": "2020-08-08 10:40:11", "elapsed": 6737.147767, "delta": 937.421879}}
{"target": -3.402065388807253, "params": {"feature_fraction": 0.639041636237846, "lambda_l2": 0.3, "learning_rate": 0.001, "min_data_in_leaf": 221.7115318699884, "num_leaves": 890.0806912391944}, "datetime": {"datetime": "2020-08-08 10:56:00", "elapsed": 7686.981624, "delta": 949.833857}}
{"target": -3.3995275447049034, "params": {"feature_fraction": 1.0, "lambda_l2": 0.3, "learning_rate": 0.001, "min_data_in_leaf": 522.9333679371542, "num_leaves": 1000.0}, "datetime": {"datetime": "2020-08-08 11:14:21", "elapsed": 8788.140095, "delta": 1101.158471}}
{"target": -3.400891176222522, "params": {"feature_fraction": 0.6593924830790614, "lambda_l2": 0.18010137841235785, "learning_rate": 0.001, "min_data_in_leaf": 190.63243193294002, "num_leaves": 1000.0}, "datetime": {"datetime": "2020-08-08 11:27:03", "elapsed": 9549.605626, "delta": 761.465531}}
{"target": -3.401810554857935, "params": {"feature_fraction": 0.6688112724504445, "lambda_l2": 0.3, "learning_rate": 0.001, "min_data_in_leaf": 361.08829332094433, "num_leaves": 842.6915867708639}, "datetime": {"datetime": "2020-08-08 11:40:14", "elapsed": 10340.78683, "delta": 791.181204}}
{"target": -3.400768240705483, "params": {"feature_fraction": 0.6777591223532583, "lambda_l2": 0.3, "learning_rate": 0.001, "min_data_in_leaf": 100.0, "num_leaves": 859.541282272788}, "datetime": {"datetime": "2020-08-08 11:51:43", "elapsed": 11029.513901, "delta": 688.727071}}
{"target": -2.1512837621270102, "params": {"feature_fraction": 1.0, "lambda_l2": 0.19014716397623868, "learning_rate": 0.16718585898893173, "min_data_in_leaf": 446.86985708802234, "num_leaves": 786.2692572909107}, "datetime": {"datetime": "2020-08-08 12:00:35", "elapsed": 11561.604541, "delta": 532.09064}}
{"target": -3.396929454129406, "params": {"feature_fraction": 1.0, "lambda_l2": 0.19316662248555763, "learning_rate": 0.001, "min_data_in_leaf": 207.66656031345394, "num_leaves": 801.2965645862016}, "datetime": {"datetime": "2020-08-08 12:15:38", "elapsed": 12464.63276, "delta": 903.028219}}
{"target": -3.4002530422474626, "params": {"feature_fraction": 0.7020066771086461, "lambda_l2": 0.19736054354413826, "learning_rate": 0.001, "min_data_in_leaf": 143.67817676896678, "num_leaves": 939.0417552917704}, "datetime": {"datetime": "2020-08-08 12:28:05", "elapsed": 13211.762751, "delta": 747.129991}}
{"target": -2.1549104436619397, "params": {"feature_fraction": 0.9862417842348935, "lambda_l2": 0.19876016937407098, "learning_rate": 0.152912955598126, "min_data_in_leaf": 422.155367811284, "num_leaves": 942.5909140105116}, "datetime": {"datetime": "2020-08-08 12:36:03", "elapsed": 13689.283288, "delta": 477.520537}}
{"target": -2.149296948042018, "params": {"feature_fraction": 0.2960502599016054, "lambda_l2": 0.2421066914957051, "learning_rate": 0.1839307753684153, "min_data_in_leaf": 1552.5440609465024, "num_leaves": 629.6750565833538}, "datetime": {"datetime": "2020-08-08 17:13:08", "elapsed": 0.0, "delta": 0.0}}
{"target": -2.1324955340986516, "params": {"feature_fraction": 0.6936015703466678, "lambda_l2": 0.1626667463792357, "learning_rate": 0.13953071285625204, "min_data_in_leaf": 951.4639518554081, "num_leaves": 760.5003248216098}, "datetime": {"datetime": "2020-08-08 17:23:02", "elapsed": 594.09363, "delta": 594.09363}}
{"target": -2.1636098415398095, "params": {"feature_fraction": 0.3895058555011088, "lambda_l2": 0.09577172092579884, "learning_rate": 0.38682732445304896, "min_data_in_leaf": 403.16644926862267, "num_leaves": 795.3395655283248}, "datetime": {"datetime": "2020-08-08 17:26:02", "elapsed": 773.881663, "delta": 179.788033}}
{"target": -2.180303866826369, "params": {"feature_fraction": 0.8074002971814844, "lambda_l2": 0.23598809622675906, "learning_rate": 0.03549139698015876, "min_data_in_leaf": 1678.8952403095261, "num_leaves": 801.4726343929722}, "datetime": {"datetime": "2020-08-08 17:40:33", "elapsed": 1645.267177, "delta": 871.385514}}
{"target": -2.135547438163913, "params": {"feature_fraction": 0.3173781048102008, "lambda_l2": 0.056124500920608535, "learning_rate": 0.0775822500883197, "min_data_in_leaf": 255.55015030741646, "num_leaves": 924.2608288888538}, "datetime": {"datetime": "2020-08-08 17:47:38", "elapsed": 2070.728411, "delta": 425.461234}}
{"target": -2.148812131608328, "params": {"feature_fraction": 0.5638219545006925, "lambda_l2": 0.3, "learning_rate": 0.24304984715809003, "min_data_in_leaf": 760.1191107622185, "num_leaves": 731.619958909575}, "datetime": {"datetime": "2020-08-08 17:52:59", "elapsed": 2391.42892, "delta": 320.700509}}
{"target": -2.138158291209248, "params": {"feature_fraction": 0.6387767922337105, "lambda_l2": 0.19189011619141477, "learning_rate": 0.18811570470035147, "min_data_in_leaf": 101.40383356848353, "num_leaves": 685.9058708523005}, "datetime": {"datetime": "2020-08-08 17:58:20", "elapsed": 2712.641678, "delta": 321.212758}}
{"target": -2.7428002372273457, "params": {"feature_fraction": 0.764485535835876, "lambda_l2": 0.21156707127418356, "learning_rate": 0.006065378181356681, "min_data_in_leaf": 674.116474152748, "num_leaves": 678.5878655703273}, "datetime": {"datetime": "2020-08-08 18:11:54", "elapsed": 3526.07077, "delta": 813.429092}}
{"target": -2.1444592401093336, "params": {"feature_fraction": 0.6043197978210524, "lambda_l2": 0.15950933629184133, "learning_rate": 0.21795684245465807, "min_data_in_leaf": 418.78088805754516, "num_leaves": 690.7901931095705}, "datetime": {"datetime": "2020-08-08 18:15:54", "elapsed": 3766.729753, "delta": 240.658983}}
{"target": -2.141304140649857, "params": {"feature_fraction": 0.6164922214553359, "lambda_l2": 0.16406068618538014, "learning_rate": 0.21041464616803057, "min_data_in_leaf": 637.7550655009163, "num_leaves": 872.8213348422723}, "datetime": {"datetime": "2020-08-08 18:21:45", "elapsed": 4117.113767, "delta": 350.384014}}
{"target": -2.157633523729513, "params": {"feature_fraction": 0.3561322201072285, "lambda_l2": 0.2864540173833929, "learning_rate": 0.3182773264202754, "min_data_in_leaf": 982.2381635543072, "num_leaves": 404.74359554054155}, "datetime": {"datetime": "2020-08-08 18:33:20", "elapsed": 0.0, "delta": 0.0}}
{"target": -2.1595186000944957, "params": {"feature_fraction": 0.3198493714955777, "lambda_l2": 0.004969593504491598, "learning_rate": 0.3609868284583288, "min_data_in_leaf": 1935.3457045180187, "num_leaves": 646.3994503418093}, "datetime": {"datetime": "2020-08-08 18:38:03", "elapsed": 283.270676, "delta": 283.270676}}
{"target": -2.1467028296755526, "params": {"feature_fraction": 0.8883396101743108, "lambda_l2": 0.014091641351320338, "learning_rate": 0.30198018203322946, "min_data_in_leaf": 1689.3869746458165, "num_leaves": 449.68807174169064}, "datetime": {"datetime": "2020-08-08 18:44:07", "elapsed": 647.855216, "delta": 364.58454}}
{"target": -2.17303819795371, "params": {"feature_fraction": 0.8907766375209809, "lambda_l2": 0.07157865945528458, "learning_rate": 0.4005017924924865, "min_data_in_leaf": 725.65166428995, "num_leaves": 309.4207506165004}, "datetime": {"datetime": "2020-08-08 18:47:54", "elapsed": 873.903747, "delta": 226.048531}}
{"target": -2.1481673824807204, "params": {"feature_fraction": 0.6458221038597696, "lambda_l2": 0.2455740192512103, "learning_rate": 0.09197834172089292, "min_data_in_leaf": 1857.7630375834447, "num_leaves": 126.06711136812953}, "datetime": {"datetime": "2020-08-08 18:53:57", "elapsed": 1237.129909, "delta": 363.226162}}
{"target": -2.1536198394684782, "params": {"feature_fraction": 1.0, "lambda_l2": 0.3, "learning_rate": 0.24304984715809003, "min_data_in_leaf": 760.1191107622185, "num_leaves": 839.3478012528014}, "datetime": {"datetime": "2020-08-08 19:00:19", "elapsed": 1619.359477, "delta": 382.229568}}
{"target": -2.132398240600993, "params": {"feature_fraction": 0.655653991355364, "lambda_l2": 0.2535912752581764, "learning_rate": 0.17509375254154216, "min_data_in_leaf": 100.09451129814516, "num_leaves": 745.4582472727582}, "datetime": {"datetime": "2020-08-08 19:07:16", "elapsed": 2036.758325, "delta": 417.398848}}
{"target": -3.3982546741603135, "params": {"feature_fraction": 1.0, "lambda_l2": 0.1547184416670636, "learning_rate": 0.001, "min_data_in_leaf": 167.02877380169997, "num_leaves": 675.8599526213344}, "datetime": {"datetime": "2020-08-08 19:22:51", "elapsed": 2971.423651, "delta": 934.665326}}
{"target": -2.1498976235670892, "params": {"feature_fraction": 0.6043197978210524, "lambda_l2": 0.15950933629184133, "learning_rate": 0.21795684245465807, "min_data_in_leaf": 425.72425585838107, "num_leaves": 743.6041072572372}, "datetime": {"datetime": "2020-08-08 19:26:56", "elapsed": 3216.793535, "delta": 245.369884}}
{"target": -2.1387257057138043, "params": {"feature_fraction": 0.6164922214553359, "lambda_l2": 0.16406068618538014, "learning_rate": 0.21041464616803057, "min_data_in_leaf": 296.5926717026678, "num_leaves": 927.9823268015676}, "datetime": {"datetime": "2020-08-08 19:31:26", "elapsed": 3486.682624, "delta": 269.889089}}
{"target": -2.1535073133739364, "params": {"feature_fraction": 1.0, "lambda_l2": 0.16838446858424203, "learning_rate": 0.20324955969573444, "min_data_in_leaf": 605.4555385428826, "num_leaves": 784.8352166017338}, "datetime": {"datetime": "2020-08-08 19:40:35", "elapsed": 4035.658758, "delta": 548.976134}}
