{"target": -2.1242040041955175, "params": {"feature_fraction": 0.6851261122971737, "lambda_l2": 0.24025835610674848, "learning_rate": 0.11946322678529966, "min_data_in_leaf": 696.7309122746586, "num_leaves": 1301.922356011398}, "datetime": {"datetime": "2020-08-09 06:44:26", "elapsed": 10717.387978, "delta": 683.653929}}
{"target": -2.182503422227717, "params": {"feature_fraction": 0.46148799811000035, "lambda_l2": 0.2594483407670964, "learning_rate": 0.026995141620327845, "min_data_in_leaf": 706.6238279771574, "num_leaves": 1379.674002846563}, "datetime": {"datetime": "2020-08-09 06:56:01", "elapsed": 11412.880105, "delta": 695.492127}}
{"target": -2.1339121878866574, "params": {"feature_fraction": 0.4670018122068389, "lambda_l2": 0.18452095653985195, "learning_rate": 0.1565869375114391, "min_data_in_leaf": 1027.0481233392668, "num_leaves": 890.625192458946}, "datetime": {"datetime": "2020-08-09 07:04:20", "elapsed": 11911.824846, "delta": 498.944741}}
{"target": -2.128757480002621, "params": {"feature_fraction": 0.6663839019827185, "lambda_l2": 0.2219419630529068, "learning_rate": 0.09261702841562464, "min_data_in_leaf": 1089.956539983532, "num_leaves": 834.3222755245891}, "datetime": {"datetime": "2020-08-09 07:14:50", "elapsed": 12541.648406, "delta": 629.82356}}
{"target": -2.1640584475482654, "params": {"feature_fraction": 0.6663124072723112, "lambda_l2": 0.2539680750361165, "learning_rate": 0.03647361848646618, "min_data_in_leaf": 1109.5092557532605, "num_leaves": 915.3948502124903}, "datetime": {"datetime": "2020-08-09 07:27:04", "elapsed": 13275.008968, "delta": 733.360562}}
{"target": -2.1297338058278252, "params": {"feature_fraction": 0.6240759857160858, "lambda_l2": 0.23847785604486083, "learning_rate": 0.07064260092714485, "min_data_in_leaf": 1018.1573354034305, "num_leaves": 977.3511490184698}, "datetime": {"datetime": "2020-08-09 07:38:06", "elapsed": 13937.450699, "delta": 662.441731}}
{"target": -2.133344028809802, "params": {"feature_fraction": 0.6566046791247433, "lambda_l2": 0.222878566594059, "learning_rate": 0.07201824062438864, "min_data_in_leaf": 951.241713782231, "num_leaves": 1011.4492744083653}, "datetime": {"datetime": "2020-08-09 07:49:29", "elapsed": 14620.345789, "delta": 682.89509}}
{"target": -2.1292655666763736, "params": {"feature_fraction": 0.490701079466775, "lambda_l2": 0.19437744340618252, "learning_rate": 0.11850793041832215, "min_data_in_leaf": 1020.82929236019, "num_leaves": 1063.1632976494827}, "datetime": {"datetime": "2020-08-09 07:59:04", "elapsed": 15195.408098, "delta": 575.062309}}
{"target": -2.1346776490122923, "params": {"feature_fraction": 0.4947542394957748, "lambda_l2": 0.24266249219968852, "learning_rate": 0.1398621058406576, "min_data_in_leaf": 943.5530059893841, "num_leaves": 1098.7387674284164}, "datetime": {"datetime": "2020-08-09 08:08:06", "elapsed": 15737.748183, "delta": 542.340085}}
{"target": -2.123167820689921, "params": {"feature_fraction": 0.5367102838106728, "lambda_l2": 0.20829220250304226, "learning_rate": 0.10219917503449756, "min_data_in_leaf": 1006.2602270022417, "num_leaves": 1149.30120648686}, "datetime": {"datetime": "2020-08-09 08:18:39", "elapsed": 16370.617912, "delta": 632.869729}}
{"target": -2.1240079724783754, "params": {"feature_fraction": 0.6133424875345823, "lambda_l2": 0.23968406150958066, "learning_rate": 0.12232638861130318, "min_data_in_leaf": 935.2623888783771, "num_leaves": 1190.9516281785218}, "datetime": {"datetime": "2020-08-09 08:29:26", "elapsed": 17017.611904, "delta": 646.993992}}
{"target": -2.1393400057568828, "params": {"feature_fraction": 0.6377907635641828, "lambda_l2": 0.23456449505131774, "learning_rate": 0.053662013758206104, "min_data_in_leaf": 865.3390517408807, "num_leaves": 1143.5497450078262}, "datetime": {"datetime": "2020-08-09 08:41:08", "elapsed": 17719.314177, "delta": 701.702273}}
{"target": -2.125744098979895, "params": {"feature_fraction": 0.5429422677150916, "lambda_l2": 0.20428984033752817, "learning_rate": 0.07533390915474573, "min_data_in_leaf": 854.8499898166119, "num_leaves": 1230.711780742806}, "datetime": {"datetime": "2020-08-09 08:51:57", "elapsed": 18368.401295, "delta": 649.087118}}
{"target": -2.1262285145547035, "params": {"feature_fraction": 0.5865056212071249, "lambda_l2": 0.2016192287047168, "learning_rate": 0.10571519713012795, "min_data_in_leaf": 762.8865102534538, "num_leaves": 1237.327570235118}, "datetime": {"datetime": "2020-08-09 09:02:20", "elapsed": 18991.437685, "delta": 623.03639}}
{"target": -2.123801955752339, "params": {"feature_fraction": 0.6216271937198157, "lambda_l2": 0.20793477461259657, "learning_rate": 0.11780430298227777, "min_data_in_leaf": 793.775243179662, "num_leaves": 1313.6984362547532}, "datetime": {"datetime": "2020-08-09 09:12:01", "elapsed": 19572.368109, "delta": 580.930424}}
{"target": -2.1326043177595935, "params": {"feature_fraction": 0.6255432635372251, "lambda_l2": 0.2397626106701519, "learning_rate": 0.12586205046435497, "min_data_in_leaf": 887.1178053425832, "num_leaves": 1310.552899683869}, "datetime": {"datetime": "2020-08-09 09:20:39", "elapsed": 20090.310755, "delta": 517.942646}}
{"target": -2.1246953667310366, "params": {"feature_fraction": 0.5711071707491114, "lambda_l2": 0.23882568219481337, "learning_rate": 0.10737723732943155, "min_data_in_leaf": 839.7756296746843, "num_leaves": 1389.1949544663998}, "datetime": {"datetime": "2020-08-09 09:31:13", "elapsed": 20724.245768, "delta": 633.935013}}
{"target": -2.127019352221459, "params": {"feature_fraction": 0.6202998126469059, "lambda_l2": 0.2041124821835208, "learning_rate": 0.1227021166466179, "min_data_in_leaf": 777.6290265490242, "num_leaves": 1451.2553775807212}, "datetime": {"datetime": "2020-08-09 09:42:12", "elapsed": 21383.070331, "delta": 658.824563}}
{"target": -2.123056574419916, "params": {"feature_fraction": 0.6178730360168991, "lambda_l2": 0.2173909355599378, "learning_rate": 0.10392310941120611, "min_data_in_leaf": 684.7106517181813, "num_leaves": 1477.3116222377935}, "datetime": {"datetime": "2020-08-09 09:53:36", "elapsed": 22067.171087, "delta": 684.100756}}
{"target": -2.116591922222189, "params": {"feature_fraction": 0.553332400822897, "lambda_l2": 0.21955370052423398, "learning_rate": 0.09789220144755495, "min_data_in_leaf": 749.2105146034442, "num_leaves": 1534.9826196637728}, "datetime": {"datetime": "2020-08-09 10:04:22", "elapsed": 22712.979284, "delta": 645.808197}}
{"target": -2.124197611136505, "params": {"feature_fraction": 0.5898601983942289, "lambda_l2": 0.230475100804329, "learning_rate": 0.08252413071182528, "min_data_in_leaf": 840.9545175135945, "num_leaves": 1508.568558034598}, "datetime": {"datetime": "2020-08-09 10:16:23", "elapsed": 23434.291258, "delta": 721.311974}}
{"target": -2.1289632683976243, "params": {"feature_fraction": 0.5164475114861137, "lambda_l2": 0.2058489712182535, "learning_rate": 0.12150533202444488, "min_data_in_leaf": 907.3329738346976, "num_leaves": 1445.7452365288268}, "datetime": {"datetime": "2020-08-09 10:26:58", "elapsed": 24069.294475, "delta": 635.003217}}
{"target": -2.1288989394443725, "params": {"feature_fraction": 0.5166082694554808, "lambda_l2": 0.20653420768355252, "learning_rate": 0.07545972739950951, "min_data_in_leaf": 953.4780325372028, "num_leaves": 1370.5185403824714}, "datetime": {"datetime": "2020-08-09 10:38:05", "elapsed": 24736.124722, "delta": 666.830247}}
{"target": -2.130765105514384, "params": {"feature_fraction": 0.5184444760238517, "lambda_l2": 0.20752553940231447, "learning_rate": 0.07658135110191178, "min_data_in_leaf": 658.4829677494178, "num_leaves": 1561.2770001534425}, "datetime": {"datetime": "2020-08-09 10:49:01", "elapsed": 25392.398932, "delta": 656.27421}}
{"target": -2.124234029341627, "params": {"feature_fraction": 0.5855898715141075, "lambda_l2": 0.20780360823551897, "learning_rate": 0.08136852578361414, "min_data_in_leaf": 727.4534981972602, "num_leaves": 1623.0128796259867}, "datetime": {"datetime": "2020-08-09 11:01:08", "elapsed": 26119.226965, "delta": 726.828033}}
{"target": -2.131620361220324, "params": {"feature_fraction": 0.5783694503803394, "lambda_l2": 0.21556760298732483, "learning_rate": 0.11712524388449791, "min_data_in_leaf": 815.4587982509199, "num_leaves": 1599.559744986793}, "datetime": {"datetime": "2020-08-09 11:12:11", "elapsed": 26782.390742, "delta": 663.163777}}
{"target": -2.1249118736036006, "params": {"feature_fraction": 0.5234203662983155, "lambda_l2": 0.20894924223366867, "learning_rate": 0.11616359176265076, "min_data_in_leaf": 914.9266464072773, "num_leaves": 1558.4549272458905}, "datetime": {"datetime": "2020-08-09 11:23:31", "elapsed": 27462.726891, "delta": 680.336149}}
{"target": -2.1217965205258764, "params": {"feature_fraction": 0.5633351671695689, "lambda_l2": 0.20947946514819696, "learning_rate": 0.10899022487798256, "min_data_in_leaf": 897.1283749297602, "num_leaves": 1648.0378502628866}, "datetime": {"datetime": "2020-08-09 11:35:31", "elapsed": 28182.179616, "delta": 719.452725}}
{"target": -2.1205290108086077, "params": {"feature_fraction": 0.5427992028335726, "lambda_l2": 0.22513345773252258, "learning_rate": 0.10273389607013088, "min_data_in_leaf": 808.5247113346767, "num_leaves": 1690.0584111689006}, "datetime": {"datetime": "2020-08-09 11:47:07", "elapsed": 28878.280757, "delta": 696.101141}}
{"target": -2.1201160284061933, "params": {"feature_fraction": 0.5378532733100216, "lambda_l2": 0.21776140653284454, "learning_rate": 0.09242454300518821, "min_data_in_leaf": 639.4688485885141, "num_leaves": 1656.1974754845778}, "datetime": {"datetime": "2020-08-09 11:58:33", "elapsed": 29563.978319, "delta": 685.697562}}
{"target": -2.1289788183418654, "params": {"feature_fraction": 0.5289688617524096, "lambda_l2": 0.22819109807976373, "learning_rate": 0.11277436305538996, "min_data_in_leaf": 708.0595055527542, "num_leaves": 1679.2094810307417}, "datetime": {"datetime": "2020-08-09 12:08:01", "elapsed": 30132.206089, "delta": 568.22777}}
{"target": -2.121595335402954, "params": {"feature_fraction": 0.5764777629398601, "lambda_l2": 0.22775922820198724, "learning_rate": 0.1120302549749982, "min_data_in_leaf": 615.7768504336861, "num_leaves": 1514.0065116346232}, "datetime": {"datetime": "2020-08-09 12:17:13", "elapsed": 30684.600858, "delta": 552.394769}}
{"target": -2.122591077272392, "params": {"feature_fraction": 0.5313443068117821, "lambda_l2": 0.21175844923036838, "learning_rate": 0.08446105059648386, "min_data_in_leaf": 843.5560403447083, "num_leaves": 1448.923748525709}, "datetime": {"datetime": "2020-08-09 12:28:35", "elapsed": 31366.748985, "delta": 682.148127}}
{"target": -2.1221580768131814, "params": {"feature_fraction": 0.5518425096817385, "lambda_l2": 0.21951193984972853, "learning_rate": 0.10840772439565499, "min_data_in_leaf": 869.5129405144112, "num_leaves": 1588.9304659087745}, "datetime": {"datetime": "2020-08-09 12:40:10", "elapsed": 32061.037672, "delta": 694.288687}}
{"target": -2.119877567196521, "params": {"feature_fraction": 0.5334881459778659, "lambda_l2": 0.22658891481694768, "learning_rate": 0.0857705878044633, "min_data_in_leaf": 634.8078267858979, "num_leaves": 1454.233612550935}, "datetime": {"datetime": "2020-08-09 12:50:56", "elapsed": 32707.862712, "delta": 646.82504}}
{"target": -2.1217531339184004, "params": {"feature_fraction": 0.5521066949039893, "lambda_l2": 0.21999973247345805, "learning_rate": 0.10616880968503536, "min_data_in_leaf": 775.9257235035261, "num_leaves": 1646.2833287671067}, "datetime": {"datetime": "2020-08-09 13:01:57", "elapsed": 33367.962779, "delta": 660.100067}}
{"target": -2.1200069594621214, "params": {"feature_fraction": 0.5492288781315432, "lambda_l2": 0.2244309707693213, "learning_rate": 0.10578562322721471, "min_data_in_leaf": 671.0055226482715, "num_leaves": 1615.611250381496}, "datetime": {"datetime": "2020-08-09 13:13:03", "elapsed": 34034.477341, "delta": 666.514562}}
{"target": -2.1508139624990097, "params": {"feature_fraction": 0.33729201660311636, "lambda_l2": 0.2135480657657437, "learning_rate": 0.18113401735824913, "min_data_in_leaf": 174.9848051203058, "num_leaves": 161.19636377293057}, "datetime": {"datetime": "2020-08-09 18:23:42", "elapsed": 0.0, "delta": 0.0}}
{"target": -2.1302256043314105, "params": {"feature_fraction": 0.36673971881884926, "lambda_l2": 0.2669820961650856, "learning_rate": 0.1446991320966354, "min_data_in_leaf": 975.3875914461198, "num_leaves": 1262.3087861677561}, "datetime": {"datetime": "2020-08-09 18:32:40", "elapsed": 538.623583, "delta": 538.623583}}
{"target": -2.140525033693844, "params": {"feature_fraction": 0.5959157909854431, "lambda_l2": 0.17696122904624267, "learning_rate": 0.27076899087692535, "min_data_in_leaf": 1104.9111880952712, "num_leaves": 1021.5547835274233}, "datetime": {"datetime": "2020-08-09 18:38:56", "elapsed": 914.039468, "delta": 375.415885}}
{"target": -2.1425528045889286, "params": {"feature_fraction": 0.6596970020476798, "lambda_l2": 0.16084647392012563, "learning_rate": 0.25072055395442594, "min_data_in_leaf": 1095.1061929083, "num_leaves": 1116.992046181617}, "datetime": {"datetime": "2020-08-09 18:45:33", "elapsed": 1311.574885, "delta": 397.535417}}
{"target": -2.1266045129420053, "params": {"feature_fraction": 0.7850694541982526, "lambda_l2": 0.21282367430424493, "learning_rate": 0.07606195476849696, "min_data_in_leaf": 1059.1035302189857, "num_leaves": 1207.7056148951417}, "datetime": {"datetime": "2020-08-09 18:59:30", "elapsed": 2147.799339, "delta": 836.224454}}
{"target": -2.1393554857843546, "params": {"feature_fraction": 0.6365862570456553, "lambda_l2": 0.28106969824811656, "learning_rate": 0.20075388805516162, "min_data_in_leaf": 1043.7829860617387, "num_leaves": 1313.0052129018043}, "datetime": {"datetime": "2020-08-09 19:07:07", "elapsed": 2605.115386, "delta": 457.316047}}
{"target": -2.1383021749912774, "params": {"feature_fraction": 0.7337400882119243, "lambda_l2": 0.18038568678128333, "learning_rate": 0.1348118333339329, "min_data_in_leaf": 576.7273948278491, "num_leaves": 1582.2582252413163}, "datetime": {"datetime": "2020-08-09 19:16:08", "elapsed": 3146.121276, "delta": 541.00589}}
{"target": -2.1300350784976447, "params": {"feature_fraction": 0.4391104388506162, "lambda_l2": 0.1655314460364126, "learning_rate": 0.152022924694682, "min_data_in_leaf": 1000.0674542428628, "num_leaves": 1453.0793403636064}, "datetime": {"datetime": "2020-08-09 19:24:24", "elapsed": 3641.90833, "delta": 495.787054}}
{"target": -2.1211761278935355, "params": {"feature_fraction": 0.5689323943121619, "lambda_l2": 0.16506226212594166, "learning_rate": 0.09291033820039213, "min_data_in_leaf": 1069.8251380356542, "num_leaves": 1407.3546268338473}, "datetime": {"datetime": "2020-08-09 19:35:51", "elapsed": 4329.182096, "delta": 687.273766}}
{"target": -2.1384548568786372, "params": {"feature_fraction": 0.6917993333021387, "lambda_l2": 0.27035843716874186, "learning_rate": 0.1816028395891493, "min_data_in_leaf": 980.1854235828803, "num_leaves": 1617.5008749668661}, "datetime": {"datetime": "2020-08-09 19:44:35", "elapsed": 4853.494027, "delta": 524.311931}}
{"target": -2.1285424158094584, "params": {"feature_fraction": 0.49342507751636366, "lambda_l2": 0.21324980738813856, "learning_rate": 0.07615192583424894, "min_data_in_leaf": 1013.9807280189175, "num_leaves": 1534.8152626413953}, "datetime": {"datetime": "2020-08-09 19:56:12", "elapsed": 5549.907413, "delta": 696.413386}}
{"target": -2.1306529552107265, "params": {"feature_fraction": 0.48313989384983763, "lambda_l2": 0.24021327681556756, "learning_rate": 0.135162082721652, "min_data_in_leaf": 1088.5579692557553, "num_leaves": 1492.1635611353768}, "datetime": {"datetime": "2020-08-09 20:05:26", "elapsed": 6103.865727, "delta": 553.958314}}
{"target": -2.123657397084158, "params": {"feature_fraction": 0.5451008487926405, "lambda_l2": 0.19724923959685842, "learning_rate": 0.09574752817969312, "min_data_in_leaf": 1077.5381668424698, "num_leaves": 1598.4681630809505}, "datetime": {"datetime": "2020-08-09 20:17:16", "elapsed": 6814.466274, "delta": 710.600547}}
{"target": -2.124294813878649, "params": {"feature_fraction": 0.5835586416639288, "lambda_l2": 0.2195688658843903, "learning_rate": 0.10579060618137279, "min_data_in_leaf": 1159.6162520292087, "num_leaves": 1553.4178702419695}, "datetime": {"datetime": "2020-08-09 20:29:18", "elapsed": 7536.538842, "delta": 722.072568}}
{"target": -2.1257358379218925, "params": {"feature_fraction": 0.6253864755832238, "lambda_l2": 0.20562643731529812, "learning_rate": 0.09003481672909319, "min_data_in_leaf": 1175.0574842446974, "num_leaves": 1454.216402105757}, "datetime": {"datetime": "2020-08-09 20:41:43", "elapsed": 8281.024343, "delta": 744.485501}}
{"target": -2.1266941067149387, "params": {"feature_fraction": 0.5922666256607029, "lambda_l2": 0.24535348895352144, "learning_rate": 0.11848990481216658, "min_data_in_leaf": 1145.8293032769895, "num_leaves": 1364.7266571963792}, "datetime": {"datetime": "2020-08-09 20:52:52", "elapsed": 8949.80983, "delta": 668.785487}}
{"target": -2.13630783398496, "params": {"feature_fraction": 0.4871040962655664, "lambda_l2": 0.19525395248184943, "learning_rate": 0.0578536627274086, "min_data_in_leaf": 1126.603972307353, "num_leaves": 1273.3590080533984}, "datetime": {"datetime": "2020-08-09 21:03:56", "elapsed": 9613.770462, "delta": 663.960632}}
{"target": -2.1266562271003684, "params": {"feature_fraction": 0.5612624891420032, "lambda_l2": 0.2386243760767548, "learning_rate": 0.11153560502494064, "min_data_in_leaf": 887.6826570294336, "num_leaves": 1742.9498258300841}, "datetime": {"datetime": "2020-08-09 21:15:39", "elapsed": 10317.630768, "delta": 703.860306}}
{"target": -2.121116208999588, "params": {"feature_fraction": 0.5008756086385187, "lambda_l2": 0.23194004050153375, "learning_rate": 0.10760621997372258, "min_data_in_leaf": 970.5368578582825, "num_leaves": 1710.7438151418364}, "datetime": {"datetime": "2020-08-09 21:26:52", "elapsed": 10990.149776, "delta": 672.519008}}
