{"target": -3.402003554179737, "params": {"feature_fraction": 0.639041636237846, "lambda_l2": 0.3, "learning_rate": 0.001, "min_data_in_leaf": 271.4348369251046, "num_leaves": 954.7166634385507}, "datetime": {"datetime": "2020-08-08 19:53:27", "elapsed": 4807.115633, "delta": 771.456875}}
{"target": -2.1457342306083613, "params": {"feature_fraction": 0.6494779679512899, "lambda_l2": 0.17639427547813366, "learning_rate": 0.18997623700580588, "min_data_in_leaf": 284.2601381166403, "num_leaves": 893.380955788524}, "datetime": {"datetime": "2020-08-08 19:59:15", "elapsed": 5155.354633, "delta": 348.239}}
{"target": -2.1509482087167817, "params": {"feature_fraction": 1.0, "lambda_l2": 0.18010137841235785, "learning_rate": 0.183833070991621, "min_data_in_leaf": 533.8617526324281, "num_leaves": 759.6977406062746}, "datetime": {"datetime": "2020-08-08 20:06:44", "elapsed": 5603.943861, "delta": 448.589228}}
{"target": -2.150638056170708, "params": {"feature_fraction": 0.9957149250415611, "lambda_l2": 0.18362312619987087, "learning_rate": 0.17799706327814535, "min_data_in_leaf": 371.0681030270619, "num_leaves": 926.7769825319551}, "datetime": {"datetime": "2020-08-08 20:15:27", "elapsed": 6127.76724, "delta": 523.823379}}
{"target": -2.1403790275752583, "params": {"feature_fraction": 0.6777591223532583, "lambda_l2": 0.1869687865980082, "learning_rate": 0.1724528559503435, "min_data_in_leaf": 426.49718275551703, "num_leaves": 1000.0}, "datetime": {"datetime": "2020-08-08 20:21:48", "elapsed": 6508.412718, "delta": 380.645478}}
{"target": -2.136013841534083, "params": {"feature_fraction": 0.953025286007802, "lambda_l2": 0.20596764266725417, "learning_rate": 0.06467657777381948, "min_data_in_leaf": 401.9190512962708, "num_leaves": 966.900138058929}, "datetime": {"datetime": "2020-08-08 20:34:43", "elapsed": 7282.879647, "delta": 774.466929}}
{"target": -3.401005503478016, "params": {"feature_fraction": 0.694335014298221, "lambda_l2": 0.19316662248555763, "learning_rate": 0.001, "min_data_in_leaf": 323.68588837078084, "num_leaves": 911.133300879683}, "datetime": {"datetime": "2020-08-08 20:48:49", "elapsed": 8129.761934, "delta": 846.882287}}
{"target": -2.1578105039506776, "params": {"feature_fraction": 0.9935298639047973, "lambda_l2": 0.19603510806941063, "learning_rate": 0.15742874711791643, "min_data_in_leaf": 409.67829675524604, "num_leaves": 901.13758350228}, "datetime": {"datetime": "2020-08-08 20:56:44", "elapsed": 8604.471542, "delta": 474.709608}}
{"target": -2.1456945198088158, "params": {"feature_fraction": 0.8844037528207939, "lambda_l2": 0.29577682442428466, "learning_rate": 0.043825315012820894, "min_data_in_leaf": 272.80534160242087, "num_leaves": 913.6200857741965}, "datetime": {"datetime": "2020-08-08 21:09:30", "elapsed": 9370.793909, "delta": 766.322367}}
{"target": -2.143747986668686, "params": {"feature_fraction": 0.7162184324649584, "lambda_l2": 0.20134897761349832, "learning_rate": 0.14862295365432512, "min_data_in_leaf": 395.4069154134287, "num_leaves": 932.0656982420592}, "datetime": {"datetime": "2020-08-08 21:16:02", "elapsed": 9762.242572, "delta": 391.448663}}
{"target": -2.1367913669501934, "params": {"feature_fraction": 0.7227959243670465, "lambda_l2": 0.20380834544095427, "learning_rate": 0.14454745180771428, "min_data_in_leaf": 281.87816438027716, "num_leaves": 837.3274036905317}, "datetime": {"datetime": "2020-08-08 21:23:35", "elapsed": 10214.953671, "delta": 452.711099}}
{"target": -2.131676924195776, "params": {"feature_fraction": 0.7290445416740303, "lambda_l2": 0.29492792344819785, "learning_rate": 0.14067572505343395, "min_data_in_leaf": 162.28317224550347, "num_leaves": 851.5747694045434}, "datetime": {"datetime": "2020-08-08 21:33:49", "elapsed": 10829.7934, "delta": 614.839729}}
{"target": -2.1272746056010474, "params": {"feature_fraction": 0.7821758238728547, "lambda_l2": 0.23345041776532685, "learning_rate": 0.09846649399992641, "min_data_in_leaf": 246.40732445983906, "num_leaves": 999.6895701274989}, "datetime": {"datetime": "2020-08-08 21:45:00", "elapsed": 11500.044222, "delta": 670.250822}}
{"target": -2.141021546453972, "params": {"feature_fraction": 0.9549164357782256, "lambda_l2": 0.2905997434928538, "learning_rate": 0.13350335124112972, "min_data_in_leaf": 205.36932000765503, "num_leaves": 946.2238549915876}, "datetime": {"datetime": "2020-08-08 21:54:36", "elapsed": 12076.608889, "delta": 576.564667}}
{"target": -2.1787839368583315, "params": {"feature_fraction": 0.2820911489262444, "lambda_l2": 0.009419012268327476, "learning_rate": 0.4165170089186962, "min_data_in_leaf": 232.72060084051574, "num_leaves": 437.86181867672235}, "datetime": {"datetime": "2020-08-08 22:08:55", "elapsed": 0.0, "delta": 0.0}}
{"target": -2.140588857079495, "params": {"feature_fraction": 0.5104798899173572, "lambda_l2": 0.16791670601836137, "learning_rate": 0.26889363055882903, "min_data_in_leaf": 882.9868007800818, "num_leaves": 860.1652791996711}, "datetime": {"datetime": "2020-08-08 22:14:00", "elapsed": 304.166001, "delta": 304.166001}}
{"target": -2.183181745974635, "params": {"feature_fraction": 0.5920736294177891, "lambda_l2": 0.13472522778893034, "learning_rate": 0.027105940515847166, "min_data_in_leaf": 869.8551766556307, "num_leaves": 981.5070977113227}, "datetime": {"datetime": "2020-08-08 22:27:59", "elapsed": 1144.138219, "delta": 839.972218}}
{"target": -2.135009032488593, "params": {"feature_fraction": 0.8405463901734426, "lambda_l2": 0.23210293043762636, "learning_rate": 0.12677324851425578, "min_data_in_leaf": 351.5692961414768, "num_leaves": 607.9260194389509}, "datetime": {"datetime": "2020-08-08 22:37:48", "elapsed": 1732.435974, "delta": 588.297755}}
{"target": -2.135116707411266, "params": {"feature_fraction": 0.7590496837194496, "lambda_l2": 0.20228215959835374, "learning_rate": 0.15648399744648203, "min_data_in_leaf": 792.9152427954745, "num_leaves": 927.7443856545431}, "datetime": {"datetime": "2020-08-08 22:48:45", "elapsed": 2389.955193, "delta": 657.519219}}
{"target": -2.145879190927484, "params": {"feature_fraction": 0.5638219545006925, "lambda_l2": 0.3, "learning_rate": 0.24304984715809003, "min_data_in_leaf": 710.6256464309554, "num_leaves": 905.6519073132414}, "datetime": {"datetime": "2020-08-08 22:54:48", "elapsed": 2752.400826, "delta": 362.445633}}
{"target": -2.1633516083833726, "params": {"feature_fraction": 1.0, "lambda_l2": 0.1496753946936134, "learning_rate": 0.2342530006362909, "min_data_in_leaf": 604.0519745937288, "num_leaves": 711.2776289508924}, "datetime": {"datetime": "2020-08-08 23:00:38", "elapsed": 3102.825267, "delta": 350.424441}}
{"target": -3.4039800376335743, "params": {"feature_fraction": 0.5915067203112804, "lambda_l2": 0.3, "learning_rate": 0.001, "min_data_in_leaf": 610.8567581708037, "num_leaves": 1000.0}, "datetime": {"datetime": "2020-08-08 23:14:32", "elapsed": 3936.47125, "delta": 833.645983}}
{"target": -2.1365440135951066, "params": {"feature_fraction": 0.627291857335997, "lambda_l2": 0.22953085762695855, "learning_rate": 0.05153948119979252, "min_data_in_leaf": 353.06213060186667, "num_leaves": 691.0347116792384}, "datetime": {"datetime": "2020-08-08 23:24:23", "elapsed": 4527.944052, "delta": 591.472802}}
{"target": -2.3450627932292627, "params": {"feature_fraction": 0.9185682703398683, "lambda_l2": 0.23789170875722607, "learning_rate": 0.013470010615984625, "min_data_in_leaf": 531.6616524712153, "num_leaves": 920.8300944345419}, "datetime": {"datetime": "2020-08-08 23:40:37", "elapsed": 5501.451985, "delta": 973.507933}}
{"target": -2.1524371504259743, "params": {"feature_fraction": 0.4437728291037673, "lambda_l2": 0.05002960928868415, "learning_rate": 0.34348798415932774, "min_data_in_leaf": 874.0615266181223, "num_leaves": 482.6161817432027}, "datetime": {"datetime": "2020-08-08 23:49:48", "elapsed": 0.0, "delta": 0.0}}
{"target": -3.4024895858103767, "params": {"feature_fraction": 1.0, "lambda_l2": 0.3, "learning_rate": 0.001, "min_data_in_leaf": 860.1063530001873, "num_leaves": 716.5097104886214}, "datetime": {"datetime": "2020-08-09 00:07:58", "elapsed": 1090.160672, "delta": 1090.160672}}
{"target": -2.1380615448917477, "params": {"feature_fraction": 0.516587263355791, "lambda_l2": 0.3, "learning_rate": 0.27231709276640836, "min_data_in_leaf": 252.12403831508257, "num_leaves": 588.5612135993927}, "datetime": {"datetime": "2020-08-09 00:11:40", "elapsed": 1311.833863, "delta": 221.673191}}
{"target": -2.1339325851151085, "params": {"feature_fraction": 0.9191964466487323, "lambda_l2": 0.234345720380304, "learning_rate": 0.10414469109857873, "min_data_in_leaf": 450.1231736457952, "num_leaves": 608.0874835211123}, "datetime": {"datetime": "2020-08-09 00:23:12", "elapsed": 2004.052005, "delta": 692.218142}}
{"target": -2.1695496234632614, "params": {"feature_fraction": 0.7764871872117574, "lambda_l2": 0.2392657709103498, "learning_rate": 0.4770957703143301, "min_data_in_leaf": 983.0524711337285, "num_leaves": 532.3591032748567}, "datetime": {"datetime": "2020-08-09 01:25:57", "elapsed": 0.0, "delta": 0.0}}
{"target": -2.144635450409086, "params": {"feature_fraction": 0.6196873825638984, "lambda_l2": 0.15292292436714933, "learning_rate": 0.20169196008720014, "min_data_in_leaf": 500.531081331093, "num_leaves": 1422.3935203125288}, "datetime": {"datetime": "2020-08-09 01:31:10", "elapsed": 312.757128, "delta": 312.757128}}
{"target": -2.141960163099399, "params": {"feature_fraction": 0.5648316239919684, "lambda_l2": 0.16795635022331296, "learning_rate": 0.20697608424376807, "min_data_in_leaf": 624.8514616171233, "num_leaves": 1396.7639280481744}, "datetime": {"datetime": "2020-08-09 01:37:02", "elapsed": 665.553573, "delta": 352.796445}}
{"target": -2.1443223362512747, "params": {"feature_fraction": 0.7748945301312355, "lambda_l2": 0.22016017412794384, "learning_rate": 0.13889897621641742, "min_data_in_leaf": 541.3444903655933, "num_leaves": 1302.9023559194957}, "datetime": {"datetime": "2020-08-09 01:45:00", "elapsed": 1143.165901, "delta": 477.612328}}
{"target": -2.1481313305120797, "params": {"feature_fraction": 0.5488774115530067, "lambda_l2": 0.2973901934052509, "learning_rate": 0.25230968560208905, "min_data_in_leaf": 631.5084719366461, "num_leaves": 1220.900973863228}, "datetime": {"datetime": "2020-08-09 01:49:24", "elapsed": 1406.719318, "delta": 263.553417}}
{"target": -2.1637542080645775, "params": {"feature_fraction": 1.0, "lambda_l2": 0.14436692419524474, "learning_rate": 0.24304984715809003, "min_data_in_leaf": 500.0, "num_leaves": 1188.8368214971365}, "datetime": {"datetime": "2020-08-09 01:54:41", "elapsed": 1723.831403, "delta": 317.112085}}
{"target": -2.2669801698818244, "params": {"feature_fraction": 0.6967602352365834, "lambda_l2": 0.2038373013648436, "learning_rate": 0.016131350162984073, "min_data_in_leaf": 198.36552750162625, "num_leaves": 1392.2163938782642}, "datetime": {"datetime": "2020-08-09 02:11:44", "elapsed": 0.0, "delta": 0.0}}
{"target": -2.131875998965337, "params": {"feature_fraction": 0.5305808483522138, "lambda_l2": 0.2510353126666318, "learning_rate": 0.1244274385888111, "min_data_in_leaf": 49.57448725122424, "num_leaves": 1392.4766291001324}, "datetime": {"datetime": "2020-08-09 02:18:24", "elapsed": 400.115267, "delta": 400.115267}}
{"target": -2.148637160399153, "params": {"feature_fraction": 0.9697401064444297, "lambda_l2": 0.18870383166426508, "learning_rate": 0.12658996694833363, "min_data_in_leaf": 102.15945652510631, "num_leaves": 1276.5063831846}, "datetime": {"datetime": "2020-08-09 02:25:18", "elapsed": 813.484375, "delta": 413.369108}}
{"target": -2.128403703187106, "params": {"feature_fraction": 0.7515409089823075, "lambda_l2": 0.235459748001008, "learning_rate": 0.08969789969739789, "min_data_in_leaf": 24.041435789232345, "num_leaves": 1177.4618258656083}, "datetime": {"datetime": "2020-08-09 02:34:02", "elapsed": 1337.785834, "delta": 524.301459}}
{"target": -3.4032860201633666, "params": {"feature_fraction": 0.5488774115530067, "lambda_l2": 0.3, "learning_rate": 0.001, "min_data_in_leaf": 173.76667662414602, "num_leaves": 1179.3497750921506}, "datetime": {"datetime": "2020-08-09 02:45:51", "elapsed": 2046.876942, "delta": 709.091108}}
{"target": -2.1506062578823624, "params": {"feature_fraction": 0.5718778298157888, "lambda_l2": 0.3, "learning_rate": 0.24304984715809003, "min_data_in_leaf": 30.803907305848668, "num_leaves": 619.8694238268864}, "datetime": {"datetime": "2020-08-09 02:48:34", "elapsed": 2209.659102, "delta": 162.78216}}
{"target": -3.4013613278983192, "params": {"feature_fraction": 0.578019270300994, "lambda_l2": 0.3, "learning_rate": 0.001, "min_data_in_leaf": 34.286333737961044, "num_leaves": 1083.8510424728893}, "datetime": {"datetime": "2020-08-09 02:59:25", "elapsed": 2861.317642, "delta": 651.65854}}
{"target": -2.123843955795217, "params": {"feature_fraction": 0.5956130974642335, "lambda_l2": 0.27202081703938474, "learning_rate": 0.0852183824829372, "min_data_in_leaf": 39.605827640758605, "num_leaves": 1302.7089847752725}, "datetime": {"datetime": "2020-08-09 03:07:16", "elapsed": 3331.649917, "delta": 470.332275}}
{"target": -3.4079699796079415, "params": {"feature_fraction": 0.36477238343068874, "lambda_l2": 0.18761565898200186, "learning_rate": 0.001, "min_data_in_leaf": 10.0, "num_leaves": 1500.0}, "datetime": {"datetime": "2020-08-09 03:16:18", "elapsed": 3874.032408, "delta": 542.382491}}
{"target": -2.1475486001299764, "params": {"feature_fraction": 0.7190558146816839, "lambda_l2": 0.23066870497650666, "learning_rate": 0.14926568838458304, "min_data_in_leaf": 10.453359045649412, "num_leaves": 1243.6479170632892}, "datetime": {"datetime": "2020-08-09 03:21:31", "elapsed": 4186.858773, "delta": 312.826365}}
{"target": -3.4104113941891674, "params": {"feature_fraction": 0.38727935304895933, "lambda_l2": 0.1908384387508232, "learning_rate": 0.001, "min_data_in_leaf": 90.75282822918379, "num_leaves": 1197.6418734414606}, "datetime": {"datetime": "2020-08-09 03:30:55", "elapsed": 4750.651866, "delta": 563.793093}}
{"target": -3.410049992811053, "params": {"feature_fraction": 0.39769604026972305, "lambda_l2": 0.3, "learning_rate": 0.001, "min_data_in_leaf": 88.19547819976253, "num_leaves": 1440.8052607499087}, "datetime": {"datetime": "2020-08-09 03:40:52", "elapsed": 5348.161429, "delta": 597.509563}}
{"target": -2.1885539477969966, "params": {"feature_fraction": 0.5055872086798816, "lambda_l2": 0.007946127415851767, "learning_rate": 0.42303711484327505, "min_data_in_leaf": 53.086529195522175, "num_leaves": 689.3489452872451}, "datetime": {"datetime": "2020-08-09 03:45:49", "elapsed": 0.0, "delta": 0.0}}
{"target": -2.154570665131167, "params": {"feature_fraction": 0.3107317328655025, "lambda_l2": 0.22381555869898506, "learning_rate": 0.23159370572201576, "min_data_in_leaf": 77.8230530968627, "num_leaves": 1339.0111184670425}, "datetime": {"datetime": "2020-08-09 03:49:44", "elapsed": 235.731136, "delta": 235.731136}}
{"target": -2.133657777016698, "params": {"feature_fraction": 0.796514808794972, "lambda_l2": 0.2310212946238517, "learning_rate": 0.14386656093042494, "min_data_in_leaf": 154.2976172980873, "num_leaves": 1545.898814402509}, "datetime": {"datetime": "2020-08-09 03:58:28", "elapsed": 759.014466, "delta": 523.28333}}
{"target": -2.136718202110824, "params": {"feature_fraction": 0.8091491403951049, "lambda_l2": 0.2981942203182528, "learning_rate": 0.1513210068904778, "min_data_in_leaf": 158.42466369371945, "num_leaves": 432.70844516320136}, "datetime": {"datetime": "2020-08-09 04:04:52", "elapsed": 1143.114054, "delta": 384.099588}}
{"target": -2.161055568233242, "params": {"feature_fraction": 0.7534001536717225, "lambda_l2": 0.17792220153613586, "learning_rate": 0.18631883025915932, "min_data_in_leaf": 13.781772780362907, "num_leaves": 1361.3363401386305}, "datetime": {"datetime": "2020-08-09 04:09:22", "elapsed": 1413.179009, "delta": 270.064955}}
{"target": -2.1356156513268125, "params": {"feature_fraction": 0.8081270729889322, "lambda_l2": 0.19758953163411616, "learning_rate": 0.05097561303753758, "min_data_in_leaf": 552.7475443182543, "num_leaves": 1385.9501324237226}, "datetime": {"datetime": "2020-08-09 04:23:44", "elapsed": 2274.949388, "delta": 861.770379}}
{"target": -2.1325407230896487, "params": {"feature_fraction": 0.3510788567214703, "lambda_l2": 0.2640836092038905, "learning_rate": 0.13789188050711512, "min_data_in_leaf": 901.2038432890566, "num_leaves": 552.4465647054419}, "datetime": {"datetime": "2020-08-09 04:30:15", "elapsed": 2666.563417, "delta": 391.614029}}
{"target": -2.134435166087204, "params": {"feature_fraction": 0.5404538434042007, "lambda_l2": 0.20063978694334053, "learning_rate": 0.1827441428668526, "min_data_in_leaf": 823.522238765459, "num_leaves": 552.5227836047404}, "datetime": {"datetime": "2020-08-09 04:35:00", "elapsed": 2951.82657, "delta": 285.263153}}
{"target": -2.1263740304925327, "params": {"feature_fraction": 0.6739488387497896, "lambda_l2": 0.18756043155295674, "learning_rate": 0.0748672585369214, "min_data_in_leaf": 79.28030325517061, "num_leaves": 438.10647961968436}, "datetime": {"datetime": "2020-08-09 04:41:58", "elapsed": 3368.969785, "delta": 417.143215}}
{"target": -2.141796457776298, "params": {"feature_fraction": 0.83496235512097, "lambda_l2": 0.18625783130695356, "learning_rate": 0.19176926298476143, "min_data_in_leaf": 186.83902331764457, "num_leaves": 1492.1454829913525}, "datetime": {"datetime": "2020-08-09 04:48:39", "elapsed": 3770.617669, "delta": 401.647884}}
{"target": -2.117212767108083, "params": {"feature_fraction": 0.5717642800467718, "lambda_l2": 0.22102404116338129, "learning_rate": 0.09345247284653875, "min_data_in_leaf": 615.1762496356492, "num_leaves": 1315.5836603516166}, "datetime": {"datetime": "2020-08-09 04:59:18", "elapsed": 4409.51436, "delta": 638.896691}}
{"target": -2.1306676730832916, "params": {"feature_fraction": 0.3569440158824403, "lambda_l2": 0.14617278533366235, "learning_rate": 0.2055804939448796, "min_data_in_leaf": 562.5743802173588, "num_leaves": 1234.088938275346}, "datetime": {"datetime": "2020-08-09 05:06:25", "elapsed": 4836.102554, "delta": 426.588194}}
{"target": -2.144166089129573, "params": {"feature_fraction": 0.7507215912378147, "lambda_l2": 0.2913339350816849, "learning_rate": 0.17879156823039594, "min_data_in_leaf": 412.5831555147845, "num_leaves": 555.5479287183389}, "datetime": {"datetime": "2020-08-09 05:10:57", "elapsed": 5108.12193, "delta": 272.019376}}
{"target": -2.1382674584261543, "params": {"feature_fraction": 0.5477826239091363, "lambda_l2": 0.2717464339220229, "learning_rate": 0.16180783535900664, "min_data_in_leaf": 292.5110958051264, "num_leaves": 524.4610626665276}, "datetime": {"datetime": "2020-08-09 05:15:13", "elapsed": 5364.527449, "delta": 256.405519}}
{"target": -2.1452122483705724, "params": {"feature_fraction": 0.6331885708692806, "lambda_l2": 0.1709246739071364, "learning_rate": 0.04058426825512108, "min_data_in_leaf": 214.79954777874426, "num_leaves": 519.648280469148}, "datetime": {"datetime": "2020-08-09 05:23:35", "elapsed": 5866.300667, "delta": 501.773218}}
{"target": -2.1186166562403494, "params": {"feature_fraction": 0.6097381334617689, "lambda_l2": 0.24308608143357335, "learning_rate": 0.110814408834375, "min_data_in_leaf": 975.5023072398877, "num_leaves": 825.2919135172617}, "datetime": {"datetime": "2020-08-09 05:33:05", "elapsed": 6436.819907, "delta": 570.51924}}
{"target": -2.1303438597558624, "params": {"feature_fraction": 0.5975310829952258, "lambda_l2": 0.24745274804180928, "learning_rate": 0.18322250643650645, "min_data_in_leaf": 1026.174334076799, "num_leaves": 776.8153620389778}, "datetime": {"datetime": "2020-08-09 05:40:21", "elapsed": 6872.862818, "delta": 436.042911}}
{"target": -2.1264097342370687, "params": {"feature_fraction": 0.43827452224407654, "lambda_l2": 0.2353190369413819, "learning_rate": 0.14159003724343025, "min_data_in_leaf": 939.8208803940022, "num_leaves": 917.3846394128441}, "datetime": {"datetime": "2020-08-09 05:48:10", "elapsed": 7341.652965, "delta": 468.790147}}
{"target": -2.128413281469806, "params": {"feature_fraction": 0.5461863501010161, "lambda_l2": 0.2006944392156558, "learning_rate": 0.14551588413142397, "min_data_in_leaf": 252.94225932821433, "num_leaves": 1044.2604543431053}, "datetime": {"datetime": "2020-08-09 05:53:19", "elapsed": 7650.582092, "delta": 308.929127}}
{"target": -2.1319775527711204, "params": {"feature_fraction": 0.5155090976454543, "lambda_l2": 0.23255179811456747, "learning_rate": 0.07172559892221701, "min_data_in_leaf": 857.7158213579378, "num_leaves": 918.2013222133809}, "datetime": {"datetime": "2020-08-09 06:02:47", "elapsed": 8218.495273, "delta": 567.913181}}
{"target": -2.175312640872974, "params": {"feature_fraction": 0.48648128911348953, "lambda_l2": 0.194517927595183, "learning_rate": 0.02697649224130399, "min_data_in_leaf": 567.2146326693668, "num_leaves": 1466.4255500380373}, "datetime": {"datetime": "2020-08-09 06:14:59", "elapsed": 8950.099785, "delta": 731.604512}}
{"target": -2.132377195452296, "params": {"feature_fraction": 0.44314345259464005, "lambda_l2": 0.17620782934974652, "learning_rate": 0.17083204462093726, "min_data_in_leaf": 467.72362204178216, "num_leaves": 1263.8422119580869}, "datetime": {"datetime": "2020-08-09 06:22:11", "elapsed": 9382.084614, "delta": 431.984829}}
{"target": -2.1292077261601605, "params": {"feature_fraction": 0.5452301270910788, "lambda_l2": 0.22081511347594462, "learning_rate": 0.05426326318615662, "min_data_in_leaf": 470.8994537484348, "num_leaves": 1344.3956018089984}, "datetime": {"datetime": "2020-08-09 06:33:02", "elapsed": 10033.734049, "delta": 651.649435}}
